This file contains any messages produced by compilers while
running configure, to aid debugging if configure makes a mistake.

It was created by pocl configure 0.14-pre, which was
generated by GNU Autoconf 2.69.  Invocation command line was

  $ ../configure --enable-shared --prefix=/root/enpower/pocl/pocl-git-icd/install --enable-icd --disable-direct-linkage OCL_ICD_CFLAGS=-I/root/enpower/pocl/ocl-icd/ocl-icd-2.2.9/install/include/ OCL_ICD_LIBS=-L/root/enpower/pocl/ocl-icd/ocl-icd-2.2.9/install/include HWLOC_CFLAGS=-I/root/enpower/pocl/hwloc/hwloc-1.11.2/install/include HWLOC_LIBS=-L/root/enpower/pocl/hwloc/hwloc-1.11.2/install/lib LDFLAGS=-L/root/enpower/pocl/libtool/libtool-2.4.6/install/lib CFLAGS=-I/root/enpower/pocl/libtool/libtool-2.4.6/install/include

## --------- ##
## Platform. ##
## --------- ##

hostname = odroid
uname -m = armv7l
uname -r = 3.10.96+
uname -s = Linux
uname -v = #2 SMP PREEMPT Tue Mar 29 00:54:48 UTC 2016

/usr/bin/uname -p = unknown
/bin/uname -X     = unknown

/bin/arch              = unknown
/usr/bin/arch -k       = unknown
/usr/convex/getsysinfo = unknown
/usr/bin/hostinfo      = unknown
/bin/machine           = unknown
/usr/bin/oslevel       = unknown
/bin/universe          = unknown

PATH: /usr/local/sbin
PATH: /usr/local/bin
PATH: /usr/sbin
PATH: /usr/bin
PATH: /sbin
PATH: /bin
PATH: /usr/games
PATH: /usr/local/games
PATH: /root/enpower/llvm/llvm_37/install/bin
PATH: /root/enpower/pocl/hwloc/hwloc-1.11.2/install/bin
PATH: /root/enpower/pocl/libtool/libtool-2.4.6/install/bin


## ----------- ##
## Core tests. ##
## ----------- ##

configure:2836: checking build system type
configure:2850: result: armv7l-unknown-linux-gnueabihf
configure:2870: checking host system type
configure:2883: result: armv7l-unknown-linux-gnueabihf
configure:2903: checking target system type
configure:2916: result: armv7l-unknown-linux-gnueabihf
configure:2959: checking for a BSD-compatible install
configure:3027: result: /usr/bin/install -c
configure:3038: checking whether build environment is sane
configure:3093: result: yes
configure:3244: checking for a thread-safe mkdir -p
configure:3283: result: /bin/mkdir -p
configure:3290: checking for gawk
configure:3306: found /usr/bin/gawk
configure:3317: result: gawk
configure:3328: checking whether make sets $(MAKE)
configure:3350: result: yes
configure:3379: checking whether make supports nested variables
configure:3396: result: yes
configure:3533: checking whether make supports nested variables
configure:3550: result: yes
configure:3664: checking for pkg-config
configure:3682: found /usr/bin/pkg-config
configure:3694: result: /usr/bin/pkg-config
configure:3719: checking pkg-config is at least version 0.9.0
configure:3722: result: yes
configure:3733: $PKG_CONFIG --exists --print-errors "pkg-config"
configure:3736: $? = 0
configure:3746: checking for HWLOC
configure:3815: result: yes
configure:3871: checking for gcc
configure:3887: found /usr/bin/gcc
configure:3898: result: gcc
configure:4127: checking for C compiler version
configure:4136: gcc --version >&5
gcc (Ubuntu 5.2.1-22ubuntu2) 5.2.1 20151010
Copyright (C) 2015 Free Software Foundation, Inc.
This is free software; see the source for copying conditions.  There is NO
warranty; not even for MERCHANTABILITY or FITNESS FOR A PARTICULAR PURPOSE.

configure:4147: $? = 0
configure:4136: gcc -v >&5
Using built-in specs.
COLLECT_GCC=gcc
COLLECT_LTO_WRAPPER=/usr/lib/gcc/arm-linux-gnueabihf/5/lto-wrapper
Target: arm-linux-gnueabihf
Configured with: ../src/configure -v --with-pkgversion='Ubuntu 5.2.1-22ubuntu2' --with-bugurl=file:///usr/share/doc/gcc-5/README.Bugs --enable-languages=c,ada,c++,java,go,d,fortran,objc,obj-c++ --prefix=/usr --program-suffix=-5 --enable-shared --enable-linker-build-id --libexecdir=/usr/lib --without-included-gettext --enable-threads=posix --libdir=/usr/lib --enable-nls --with-sysroot=/ --enable-clocale=gnu --enable-libstdcxx-debug --enable-libstdcxx-time=yes --with-default-libstdcxx-abi=new --enable-gnu-unique-object --disable-libitm --disable-libquadmath --enable-plugin --with-system-zlib --disable-browser-plugin --enable-java-awt=gtk --enable-gtk-cairo --with-java-home=/usr/lib/jvm/java-1.5.0-gcj-5-armhf/jre --enable-java-home --with-jvm-root-dir=/usr/lib/jvm/java-1.5.0-gcj-5-armhf --with-jvm-jar-dir=/usr/lib/jvm-exports/java-1.5.0-gcj-5-armhf --with-arch-directory=arm --with-ecj-jar=/usr/share/java/eclipse-ecj.jar --enable-objc-gc --enable-multiarch --enable-multilib --disable-sjlj-exceptions --with-arch=armv7-a --with-fpu=vfpv3-d16 --with-float=hard --with-mode=thumb --disable-werror --enable-multilib --enable-checking=release --build=arm-linux-gnueabihf --host=arm-linux-gnueabihf --target=arm-linux-gnueabihf
Thread model: posix
gcc version 5.2.1 20151010 (Ubuntu 5.2.1-22ubuntu2) 
configure:4147: $? = 0
configure:4136: gcc -V >&5
gcc: error: unrecognized command line option '-V'
gcc: fatal error: no input files
compilation terminated.
configure:4147: $? = 1
configure:4136: gcc -qversion >&5
gcc: error: unrecognized command line option '-qversion'
gcc: fatal error: no input files
compilation terminated.
configure:4147: $? = 1
configure:4167: checking whether the C compiler works
configure:4189: gcc -I/root/enpower/pocl/libtool/libtool-2.4.6/install/include  -L/root/enpower/pocl/libtool/libtool-2.4.6/install/lib conftest.c  >&5
configure:4193: $? = 0
configure:4241: result: yes
configure:4244: checking for C compiler default output file name
configure:4246: result: a.out
configure:4252: checking for suffix of executables
configure:4259: gcc -o conftest -I/root/enpower/pocl/libtool/libtool-2.4.6/install/include  -L/root/enpower/pocl/libtool/libtool-2.4.6/install/lib conftest.c  >&5
configure:4263: $? = 0
configure:4285: result: 
configure:4307: checking whether we are cross compiling
configure:4315: gcc -o conftest -I/root/enpower/pocl/libtool/libtool-2.4.6/install/include  -L/root/enpower/pocl/libtool/libtool-2.4.6/install/lib conftest.c  >&5
configure:4319: $? = 0
configure:4326: ./conftest
configure:4330: $? = 0
configure:4345: result: no
configure:4350: checking for suffix of object files
configure:4372: gcc -c -I/root/enpower/pocl/libtool/libtool-2.4.6/install/include  conftest.c >&5
configure:4376: $? = 0
configure:4397: result: o
configure:4401: checking whether we are using the GNU C compiler
configure:4420: gcc -c -I/root/enpower/pocl/libtool/libtool-2.4.6/install/include  conftest.c >&5
configure:4420: $? = 0
configure:4429: result: yes
configure:4438: checking whether gcc accepts -g
configure:4458: gcc -c -g  conftest.c >&5
configure:4458: $? = 0
configure:4499: result: yes
configure:4516: checking for gcc option to accept ISO C89
configure:4579: gcc  -c -I/root/enpower/pocl/libtool/libtool-2.4.6/install/include  conftest.c >&5
configure:4579: $? = 0
configure:4592: result: none needed
configure:4617: checking whether gcc understands -c and -o together
configure:4639: gcc -c conftest.c -o conftest2.o
configure:4642: $? = 0
configure:4639: gcc -c conftest.c -o conftest2.o
configure:4642: $? = 0
configure:4654: result: yes
configure:4682: checking for style of include used by make
configure:4710: result: GNU
configure:4736: checking dependency style of gcc
configure:4847: result: gcc3
configure:4920: checking for g++
configure:4936: found /usr/bin/g++
configure:4947: result: g++
configure:4974: checking for C++ compiler version
configure:4983: g++ --version >&5
g++ (Ubuntu 5.2.1-22ubuntu2) 5.2.1 20151010
Copyright (C) 2015 Free Software Foundation, Inc.
This is free software; see the source for copying conditions.  There is NO
warranty; not even for MERCHANTABILITY or FITNESS FOR A PARTICULAR PURPOSE.

configure:4994: $? = 0
configure:4983: g++ -v >&5
Using built-in specs.
COLLECT_GCC=g++
COLLECT_LTO_WRAPPER=/usr/lib/gcc/arm-linux-gnueabihf/5/lto-wrapper
Target: arm-linux-gnueabihf
Configured with: ../src/configure -v --with-pkgversion='Ubuntu 5.2.1-22ubuntu2' --with-bugurl=file:///usr/share/doc/gcc-5/README.Bugs --enable-languages=c,ada,c++,java,go,d,fortran,objc,obj-c++ --prefix=/usr --program-suffix=-5 --enable-shared --enable-linker-build-id --libexecdir=/usr/lib --without-included-gettext --enable-threads=posix --libdir=/usr/lib --enable-nls --with-sysroot=/ --enable-clocale=gnu --enable-libstdcxx-debug --enable-libstdcxx-time=yes --with-default-libstdcxx-abi=new --enable-gnu-unique-object --disable-libitm --disable-libquadmath --enable-plugin --with-system-zlib --disable-browser-plugin --enable-java-awt=gtk --enable-gtk-cairo --with-java-home=/usr/lib/jvm/java-1.5.0-gcj-5-armhf/jre --enable-java-home --with-jvm-root-dir=/usr/lib/jvm/java-1.5.0-gcj-5-armhf --with-jvm-jar-dir=/usr/lib/jvm-exports/java-1.5.0-gcj-5-armhf --with-arch-directory=arm --with-ecj-jar=/usr/share/java/eclipse-ecj.jar --enable-objc-gc --enable-multiarch --enable-multilib --disable-sjlj-exceptions --with-arch=armv7-a --with-fpu=vfpv3-d16 --with-float=hard --with-mode=thumb --disable-werror --enable-multilib --enable-checking=release --build=arm-linux-gnueabihf --host=arm-linux-gnueabihf --target=arm-linux-gnueabihf
Thread model: posix
gcc version 5.2.1 20151010 (Ubuntu 5.2.1-22ubuntu2) 
configure:4994: $? = 0
configure:4983: g++ -V >&5
g++: error: unrecognized command line option '-V'
g++: fatal error: no input files
compilation terminated.
configure:4994: $? = 1
configure:4983: g++ -qversion >&5
g++: error: unrecognized command line option '-qversion'
g++: fatal error: no input files
compilation terminated.
configure:4994: $? = 1
configure:4998: checking whether we are using the GNU C++ compiler
configure:5017: g++ -c   conftest.cpp >&5
configure:5017: $? = 0
configure:5026: result: yes
configure:5035: checking whether g++ accepts -g
configure:5055: g++ -c -g  conftest.cpp >&5
configure:5055: $? = 0
configure:5096: result: yes
configure:5121: checking dependency style of g++
configure:5232: result: gcc3
configure:5247: checking whether ln -s works
configure:5251: result: yes
configure:5309: checking for ar
configure:5325: found /usr/bin/ar
configure:5336: result: ar
configure:5362: checking the archiver (ar) interface
configure:5378: gcc -c -I/root/enpower/pocl/libtool/libtool-2.4.6/install/include  conftest.c >&5
configure:5378: $? = 0
configure:5380: ar cru libconftest.a conftest.o >&5
ar: `u' modifier ignored since `D' is the default (see `U')
configure:5383: $? = 0
configure:5411: result: ar
configure:5478: checking how to print strings
configure:5505: result: printf
configure:5526: checking for a sed that does not truncate output
configure:5590: result: /bin/sed
configure:5608: checking for grep that handles long lines and -e
configure:5666: result: /bin/grep
configure:5671: checking for egrep
configure:5733: result: /bin/grep -E
configure:5738: checking for fgrep
configure:5800: result: /bin/grep -F
configure:5835: checking for ld used by gcc
configure:5902: result: /usr/bin/ld
configure:5909: checking if the linker (/usr/bin/ld) is GNU ld
configure:5924: result: yes
configure:5936: checking for BSD- or MS-compatible name lister (nm)
configure:5985: result: /usr/bin/nm -B
configure:6115: checking the name lister (/usr/bin/nm -B) interface
configure:6122: gcc -c -I/root/enpower/pocl/libtool/libtool-2.4.6/install/include  conftest.c >&5
configure:6125: /usr/bin/nm -B "conftest.o"
configure:6128: output
00000000 B some_variable
configure:6135: result: BSD nm
configure:6139: checking the maximum length of command line arguments
configure:6270: result: 1572864
configure:6287: checking whether the shell understands some XSI constructs
configure:6297: result: yes
configure:6301: checking whether the shell understands "+="
configure:6307: result: yes
configure:6342: checking how to convert armv7l-unknown-linux-gnueabihf file names to armv7l-unknown-linux-gnueabihf format
configure:6382: result: func_convert_file_noop
configure:6389: checking how to convert armv7l-unknown-linux-gnueabihf file names to toolchain format
configure:6409: result: func_convert_file_noop
configure:6416: checking for /usr/bin/ld option to reload object files
configure:6423: result: -r
configure:6497: checking for objdump
configure:6513: found /usr/bin/objdump
configure:6524: result: objdump
configure:6556: checking how to recognize dependent libraries
configure:6754: result: pass_all
configure:6839: checking for dlltool
configure:6869: result: no
configure:6899: checking how to associate runtime and link libraries
configure:6926: result: printf %s\n
configure:7050: checking for archiver @FILE support
configure:7067: gcc -c -I/root/enpower/pocl/libtool/libtool-2.4.6/install/include  conftest.c >&5
configure:7067: $? = 0
configure:7070: ar cru libconftest.a @conftest.lst >&5
ar: `u' modifier ignored since `D' is the default (see `U')
configure:7073: $? = 0
configure:7078: ar cru libconftest.a @conftest.lst >&5
ar: `u' modifier ignored since `D' is the default (see `U')
ar: conftest.o: No such file or directory
configure:7081: $? = 1
configure:7093: result: @
configure:7151: checking for strip
configure:7167: found /usr/bin/strip
configure:7178: result: strip
configure:7250: checking for ranlib
configure:7266: found /usr/bin/ranlib
configure:7277: result: ranlib
configure:7379: checking command to parse /usr/bin/nm -B output from gcc object
configure:7499: gcc -c -I/root/enpower/pocl/libtool/libtool-2.4.6/install/include  conftest.c >&5
configure:7502: $? = 0
configure:7506: /usr/bin/nm -B conftest.o \| sed -n -e 's/^.*[ ]\([ABCDGIRSTW][ABCDGIRSTW]*\)[ ][ ]*\([_A-Za-z][_A-Za-z0-9]*\)$/\1 \2 \2/p' | sed '/ __gnu_lto/d' \> conftest.nm
configure:7509: $? = 0
configure:7575: gcc -o conftest -I/root/enpower/pocl/libtool/libtool-2.4.6/install/include  -L/root/enpower/pocl/libtool/libtool-2.4.6/install/lib conftest.c conftstm.o >&5
configure:7578: $? = 0
configure:7616: result: ok
configure:7653: checking for sysroot
configure:7683: result: no
configure:7952: checking for mt
configure:7968: found /bin/mt
configure:7979: result: mt
configure:8002: checking if mt is a manifest tool
configure:8008: mt '-?'
configure:8016: result: no
configure:8658: checking how to run the C preprocessor
configure:8689: gcc -E  conftest.c
configure:8689: $? = 0
configure:8703: gcc -E  conftest.c
conftest.c:11:28: fatal error: ac_nonexistent.h: No such file or directory
compilation terminated.
configure:8703: $? = 1
configure: failed program was:
| /* confdefs.h */
| #define PACKAGE_NAME "pocl"
| #define PACKAGE_TARNAME "pocl"
| #define PACKAGE_VERSION "0.14-pre"
| #define PACKAGE_STRING "pocl 0.14-pre"
| #define PACKAGE_BUGREPORT "pocl-devel@lists.sourceforge.net"
| #define PACKAGE_URL ""
| #define PACKAGE "pocl"
| #define VERSION "0.14-pre"
| /* end confdefs.h.  */
| #include <ac_nonexistent.h>
configure:8728: result: gcc -E
configure:8748: gcc -E  conftest.c
configure:8748: $? = 0
configure:8762: gcc -E  conftest.c
conftest.c:11:28: fatal error: ac_nonexistent.h: No such file or directory
compilation terminated.
configure:8762: $? = 1
configure: failed program was:
| /* confdefs.h */
| #define PACKAGE_NAME "pocl"
| #define PACKAGE_TARNAME "pocl"
| #define PACKAGE_VERSION "0.14-pre"
| #define PACKAGE_STRING "pocl 0.14-pre"
| #define PACKAGE_BUGREPORT "pocl-devel@lists.sourceforge.net"
| #define PACKAGE_URL ""
| #define PACKAGE "pocl"
| #define VERSION "0.14-pre"
| /* end confdefs.h.  */
| #include <ac_nonexistent.h>
configure:8791: checking for ANSI C header files
configure:8811: gcc -c -I/root/enpower/pocl/libtool/libtool-2.4.6/install/include  conftest.c >&5
configure:8811: $? = 0
configure:8884: gcc -o conftest -I/root/enpower/pocl/libtool/libtool-2.4.6/install/include  -L/root/enpower/pocl/libtool/libtool-2.4.6/install/lib conftest.c  >&5
configure:8884: $? = 0
configure:8884: ./conftest
configure:8884: $? = 0
configure:8895: result: yes
configure:8908: checking for sys/types.h
configure:8908: gcc -c -I/root/enpower/pocl/libtool/libtool-2.4.6/install/include  conftest.c >&5
configure:8908: $? = 0
configure:8908: result: yes
configure:8908: checking for sys/stat.h
configure:8908: gcc -c -I/root/enpower/pocl/libtool/libtool-2.4.6/install/include  conftest.c >&5
configure:8908: $? = 0
configure:8908: result: yes
configure:8908: checking for stdlib.h
configure:8908: gcc -c -I/root/enpower/pocl/libtool/libtool-2.4.6/install/include  conftest.c >&5
configure:8908: $? = 0
configure:8908: result: yes
configure:8908: checking for string.h
configure:8908: gcc -c -I/root/enpower/pocl/libtool/libtool-2.4.6/install/include  conftest.c >&5
configure:8908: $? = 0
configure:8908: result: yes
configure:8908: checking for memory.h
configure:8908: gcc -c -I/root/enpower/pocl/libtool/libtool-2.4.6/install/include  conftest.c >&5
configure:8908: $? = 0
configure:8908: result: yes
configure:8908: checking for strings.h
configure:8908: gcc -c -I/root/enpower/pocl/libtool/libtool-2.4.6/install/include  conftest.c >&5
configure:8908: $? = 0
configure:8908: result: yes
configure:8908: checking for inttypes.h
configure:8908: gcc -c -I/root/enpower/pocl/libtool/libtool-2.4.6/install/include  conftest.c >&5
configure:8908: $? = 0
configure:8908: result: yes
configure:8908: checking for stdint.h
configure:8908: gcc -c -I/root/enpower/pocl/libtool/libtool-2.4.6/install/include  conftest.c >&5
configure:8908: $? = 0
configure:8908: result: yes
configure:8908: checking for unistd.h
configure:8908: gcc -c -I/root/enpower/pocl/libtool/libtool-2.4.6/install/include  conftest.c >&5
configure:8908: $? = 0
configure:8908: result: yes
configure:8922: checking for dlfcn.h
configure:8922: gcc -c -I/root/enpower/pocl/libtool/libtool-2.4.6/install/include  conftest.c >&5
configure:8922: $? = 0
configure:8922: result: yes
configure:9139: checking for objdir
configure:9154: result: .libs
configure:9425: checking if gcc supports -fno-rtti -fno-exceptions
configure:9443: gcc -c -I/root/enpower/pocl/libtool/libtool-2.4.6/install/include  -fno-rtti -fno-exceptions conftest.c >&5
cc1: warning: command line option '-fno-rtti' is valid for C++/ObjC++ but not for C
configure:9447: $? = 0
configure:9460: result: no
configure:9787: checking for gcc option to produce PIC
configure:9794: result: -fPIC -DPIC
configure:9802: checking if gcc PIC flag -fPIC -DPIC works
configure:9820: gcc -c -I/root/enpower/pocl/libtool/libtool-2.4.6/install/include  -fPIC -DPIC -DPIC conftest.c >&5
configure:9824: $? = 0
configure:9837: result: yes
configure:9866: checking if gcc static flag -static works
configure:9894: result: yes
configure:9909: checking if gcc supports -c -o file.o
configure:9930: gcc -c -I/root/enpower/pocl/libtool/libtool-2.4.6/install/include  -o out/conftest2.o conftest.c >&5
configure:9934: $? = 0
configure:9956: result: yes
configure:9964: checking if gcc supports -c -o file.o
configure:10011: result: yes
configure:10044: checking whether the gcc linker (/usr/bin/ld) supports shared libraries
configure:11201: result: yes
configure:11238: checking whether -lc should be explicitly linked in
configure:11246: gcc -c -I/root/enpower/pocl/libtool/libtool-2.4.6/install/include  conftest.c >&5
configure:11249: $? = 0
configure:11264: gcc -shared  -fPIC -DPIC conftest.o  -v -Wl,-soname -Wl,conftest -o conftest 2\>\&1 \| /bin/grep  -lc  \>/dev/null 2\>\&1
configure:11267: $? = 0
configure:11281: result: no
configure:11441: checking dynamic linker characteristics
configure:11941: gcc -o conftest -I/root/enpower/pocl/libtool/libtool-2.4.6/install/include  -L/root/enpower/pocl/libtool/libtool-2.4.6/install/lib -Wl,-rpath -Wl,/foo conftest.c  >&5
configure:11941: $? = 0
configure:12175: result: GNU/Linux ld.so
configure:12282: checking how to hardcode library paths into programs
configure:12307: result: immediate
configure:12847: checking whether stripping libraries is possible
configure:12852: result: yes
configure:12887: checking if libtool supports shared libraries
configure:12889: result: yes
configure:12892: checking whether to build shared libraries
configure:12913: result: yes
configure:12916: checking whether to build static libraries
configure:12920: result: yes
configure:12943: checking how to run the C++ preprocessor
configure:12970: g++ -E  conftest.cpp
configure:12970: $? = 0
configure:12984: g++ -E  conftest.cpp
conftest.cpp:23:28: fatal error: ac_nonexistent.h: No such file or directory
compilation terminated.
configure:12984: $? = 1
configure: failed program was:
| /* confdefs.h */
| #define PACKAGE_NAME "pocl"
| #define PACKAGE_TARNAME "pocl"
| #define PACKAGE_VERSION "0.14-pre"
| #define PACKAGE_STRING "pocl 0.14-pre"
| #define PACKAGE_BUGREPORT "pocl-devel@lists.sourceforge.net"
| #define PACKAGE_URL ""
| #define PACKAGE "pocl"
| #define VERSION "0.14-pre"
| #define STDC_HEADERS 1
| #define HAVE_SYS_TYPES_H 1
| #define HAVE_SYS_STAT_H 1
| #define HAVE_STDLIB_H 1
| #define HAVE_STRING_H 1
| #define HAVE_MEMORY_H 1
| #define HAVE_STRINGS_H 1
| #define HAVE_INTTYPES_H 1
| #define HAVE_STDINT_H 1
| #define HAVE_UNISTD_H 1
| #define HAVE_DLFCN_H 1
| #define LT_OBJDIR ".libs/"
| /* end confdefs.h.  */
| #include <ac_nonexistent.h>
configure:13009: result: g++ -E
configure:13029: g++ -E  conftest.cpp
configure:13029: $? = 0
configure:13043: g++ -E  conftest.cpp
conftest.cpp:23:28: fatal error: ac_nonexistent.h: No such file or directory
compilation terminated.
configure:13043: $? = 1
configure: failed program was:
| /* confdefs.h */
| #define PACKAGE_NAME "pocl"
| #define PACKAGE_TARNAME "pocl"
| #define PACKAGE_VERSION "0.14-pre"
| #define PACKAGE_STRING "pocl 0.14-pre"
| #define PACKAGE_BUGREPORT "pocl-devel@lists.sourceforge.net"
| #define PACKAGE_URL ""
| #define PACKAGE "pocl"
| #define VERSION "0.14-pre"
| #define STDC_HEADERS 1
| #define HAVE_SYS_TYPES_H 1
| #define HAVE_SYS_STAT_H 1
| #define HAVE_STDLIB_H 1
| #define HAVE_STRING_H 1
| #define HAVE_MEMORY_H 1
| #define HAVE_STRINGS_H 1
| #define HAVE_INTTYPES_H 1
| #define HAVE_STDINT_H 1
| #define HAVE_UNISTD_H 1
| #define HAVE_DLFCN_H 1
| #define LT_OBJDIR ".libs/"
| /* end confdefs.h.  */
| #include <ac_nonexistent.h>
configure:13212: checking for ld used by g++
configure:13279: result: /usr/bin/ld
configure:13286: checking if the linker (/usr/bin/ld) is GNU ld
configure:13301: result: yes
configure:13356: checking whether the g++ linker (/usr/bin/ld) supports shared libraries
configure:14358: result: yes
configure:14394: g++ -c -g -O2  conftest.cpp >&5
configure:14397: $? = 0
configure:14917: checking for g++ option to produce PIC
configure:14924: result: -fPIC -DPIC
configure:14932: checking if g++ PIC flag -fPIC -DPIC works
configure:14950: g++ -c -g -O2  -fPIC -DPIC -DPIC conftest.cpp >&5
configure:14954: $? = 0
configure:14967: result: yes
configure:14990: checking if g++ static flag -static works
configure:15018: result: yes
configure:15030: checking if g++ supports -c -o file.o
configure:15051: g++ -c -g -O2  -o out/conftest2.o conftest.cpp >&5
configure:15055: $? = 0
configure:15077: result: yes
configure:15082: checking if g++ supports -c -o file.o
configure:15129: result: yes
configure:15159: checking whether the g++ linker (/usr/bin/ld) supports shared libraries
configure:15198: result: yes
configure:15339: checking dynamic linker characteristics
configure:16007: result: GNU/Linux ld.so
configure:16060: checking how to hardcode library paths into programs
configure:16085: result: immediate
configure:16158: checking for llvm-config
configure:16176: found /root/enpower/llvm/llvm_37/install/bin/llvm-config
configure:16188: result: /root/enpower/llvm/llvm_37/install/bin/llvm-config
configure:17489: internal tests are enabled
configure:17497: tests from OpenCL book are disabled
configure:17505: tests from ViennaCL are disabled
configure:17513: tests from Rodinia are disabled
configure:17521: tests from Parboil are disabled
configure:17529: tests from AMD APP SDK are disabled
configure:17537: tests from AMD APP SDK 2.9 are disabled
configure:17545: tests from AMD APP SDK 3.0 are disabled
configure:17553: tests from VexCL are disabled
configure:17561: tests from piglit are disabled
configure:17569: tests from Halide are disabled
configure:17577: tests from OpenCV are disabled
configure:17585: tests from CloverLeaf are disabled
configure:17593: tests from Intel SVM samples are disabled
configure:17770: checking for the pthreads library -lpthreads
configure:17803: gcc -o conftest -I/root/enpower/pocl/libtool/libtool-2.4.6/install/include   -L/root/enpower/pocl/libtool/libtool-2.4.6/install/lib conftest.c -lpthreads  >&5
conftest.c: In function 'main':
conftest.c:31:22: warning: null argument where non-null required (argument 1) [-Wnonnull]
                      pthread_attr_init(0); pthread_cleanup_push(0, 0);
                      ^
conftest.c:32:22: warning: null argument where non-null required (argument 1) [-Wnonnull]
                      pthread_create(0,0,0,0); pthread_cleanup_pop(0);
                      ^
conftest.c:32:22: warning: null argument where non-null required (argument 3) [-Wnonnull]
/usr/bin/ld: cannot find -lpthreads
collect2: error: ld returned 1 exit status
configure:17803: $? = 1
configure: failed program was:
| /* confdefs.h */
| #define PACKAGE_NAME "pocl"
| #define PACKAGE_TARNAME "pocl"
| #define PACKAGE_VERSION "0.14-pre"
| #define PACKAGE_STRING "pocl 0.14-pre"
| #define PACKAGE_BUGREPORT "pocl-devel@lists.sourceforge.net"
| #define PACKAGE_URL ""
| #define PACKAGE "pocl"
| #define VERSION "0.14-pre"
| #define STDC_HEADERS 1
| #define HAVE_SYS_TYPES_H 1
| #define HAVE_SYS_STAT_H 1
| #define HAVE_STDLIB_H 1
| #define HAVE_STRING_H 1
| #define HAVE_MEMORY_H 1
| #define HAVE_STRINGS_H 1
| #define HAVE_INTTYPES_H 1
| #define HAVE_STDINT_H 1
| #define HAVE_UNISTD_H 1
| #define HAVE_DLFCN_H 1
| #define LT_OBJDIR ".libs/"
| #define LLVM_VERSION "3.7.1"
| #define LLVM_3_7 /**/
| #define LLVM_BUILT_WITH_ASSERTS /**/
| /* end confdefs.h.  */
| #include <pthread.h>
| int
| main ()
| {
| pthread_t th; pthread_join(th, 0);
|                      pthread_attr_init(0); pthread_cleanup_push(0, 0);
|                      pthread_create(0,0,0,0); pthread_cleanup_pop(0);
|   ;
|   return 0;
| }
configure:17812: result: no
configure:17715: checking whether pthreads work without any flags
configure:17803: gcc -o conftest -I/root/enpower/pocl/libtool/libtool-2.4.6/install/include   -L/root/enpower/pocl/libtool/libtool-2.4.6/install/lib conftest.c   >&5
conftest.c: In function 'main':
conftest.c:31:22: warning: null argument where non-null required (argument 1) [-Wnonnull]
                      pthread_attr_init(0); pthread_cleanup_push(0, 0);
                      ^
conftest.c:32:22: warning: null argument where non-null required (argument 1) [-Wnonnull]
                      pthread_create(0,0,0,0); pthread_cleanup_pop(0);
                      ^
conftest.c:32:22: warning: null argument where non-null required (argument 3) [-Wnonnull]
/tmp/cclILbWr.o: In function `main':
conftest.c:(.text+0x1c): undefined reference to `pthread_join'
conftest.c:(.text+0x74): undefined reference to `__pthread_register_cancel'
conftest.c:(.text+0x80): undefined reference to `pthread_create'
conftest.c:(.text+0x8a): undefined reference to `__pthread_unregister_cancel'
collect2: error: ld returned 1 exit status
configure:17803: $? = 1
configure: failed program was:
| /* confdefs.h */
| #define PACKAGE_NAME "pocl"
| #define PACKAGE_TARNAME "pocl"
| #define PACKAGE_VERSION "0.14-pre"
| #define PACKAGE_STRING "pocl 0.14-pre"
| #define PACKAGE_BUGREPORT "pocl-devel@lists.sourceforge.net"
| #define PACKAGE_URL ""
| #define PACKAGE "pocl"
| #define VERSION "0.14-pre"
| #define STDC_HEADERS 1
| #define HAVE_SYS_TYPES_H 1
| #define HAVE_SYS_STAT_H 1
| #define HAVE_STDLIB_H 1
| #define HAVE_STRING_H 1
| #define HAVE_MEMORY_H 1
| #define HAVE_STRINGS_H 1
| #define HAVE_INTTYPES_H 1
| #define HAVE_STDINT_H 1
| #define HAVE_UNISTD_H 1
| #define HAVE_DLFCN_H 1
| #define LT_OBJDIR ".libs/"
| #define LLVM_VERSION "3.7.1"
| #define LLVM_3_7 /**/
| #define LLVM_BUILT_WITH_ASSERTS /**/
| /* end confdefs.h.  */
| #include <pthread.h>
| int
| main ()
| {
| pthread_t th; pthread_join(th, 0);
|                      pthread_attr_init(0); pthread_cleanup_push(0, 0);
|                      pthread_create(0,0,0,0); pthread_cleanup_pop(0);
|   ;
|   return 0;
| }
configure:17812: result: no
configure:17720: checking whether pthreads work with -Kthread
configure:17803: gcc -o conftest -I/root/enpower/pocl/libtool/libtool-2.4.6/install/include -Kthread  -L/root/enpower/pocl/libtool/libtool-2.4.6/install/lib conftest.c   >&5
gcc: error: unrecognized command line option '-Kthread'
configure:17803: $? = 1
configure: failed program was:
| /* confdefs.h */
| #define PACKAGE_NAME "pocl"
| #define PACKAGE_TARNAME "pocl"
| #define PACKAGE_VERSION "0.14-pre"
| #define PACKAGE_STRING "pocl 0.14-pre"
| #define PACKAGE_BUGREPORT "pocl-devel@lists.sourceforge.net"
| #define PACKAGE_URL ""
| #define PACKAGE "pocl"
| #define VERSION "0.14-pre"
| #define STDC_HEADERS 1
| #define HAVE_SYS_TYPES_H 1
| #define HAVE_SYS_STAT_H 1
| #define HAVE_STDLIB_H 1
| #define HAVE_STRING_H 1
| #define HAVE_MEMORY_H 1
| #define HAVE_STRINGS_H 1
| #define HAVE_INTTYPES_H 1
| #define HAVE_STDINT_H 1
| #define HAVE_UNISTD_H 1
| #define HAVE_DLFCN_H 1
| #define LT_OBJDIR ".libs/"
| #define LLVM_VERSION "3.7.1"
| #define LLVM_3_7 /**/
| #define LLVM_BUILT_WITH_ASSERTS /**/
| /* end confdefs.h.  */
| #include <pthread.h>
| int
| main ()
| {
| pthread_t th; pthread_join(th, 0);
|                      pthread_attr_init(0); pthread_cleanup_push(0, 0);
|                      pthread_create(0,0,0,0); pthread_cleanup_pop(0);
|   ;
|   return 0;
| }
configure:17812: result: no
configure:17720: checking whether pthreads work with -kthread
configure:17803: gcc -o conftest -I/root/enpower/pocl/libtool/libtool-2.4.6/install/include -kthread  -L/root/enpower/pocl/libtool/libtool-2.4.6/install/lib conftest.c   >&5
gcc: error: unrecognized command line option '-kthread'
configure:17803: $? = 1
configure: failed program was:
| /* confdefs.h */
| #define PACKAGE_NAME "pocl"
| #define PACKAGE_TARNAME "pocl"
| #define PACKAGE_VERSION "0.14-pre"
| #define PACKAGE_STRING "pocl 0.14-pre"
| #define PACKAGE_BUGREPORT "pocl-devel@lists.sourceforge.net"
| #define PACKAGE_URL ""
| #define PACKAGE "pocl"
| #define VERSION "0.14-pre"
| #define STDC_HEADERS 1
| #define HAVE_SYS_TYPES_H 1
| #define HAVE_SYS_STAT_H 1
| #define HAVE_STDLIB_H 1
| #define HAVE_STRING_H 1
| #define HAVE_MEMORY_H 1
| #define HAVE_STRINGS_H 1
| #define HAVE_INTTYPES_H 1
| #define HAVE_STDINT_H 1
| #define HAVE_UNISTD_H 1
| #define HAVE_DLFCN_H 1
| #define LT_OBJDIR ".libs/"
| #define LLVM_VERSION "3.7.1"
| #define LLVM_3_7 /**/
| #define LLVM_BUILT_WITH_ASSERTS /**/
| /* end confdefs.h.  */
| #include <pthread.h>
| int
| main ()
| {
| pthread_t th; pthread_join(th, 0);
|                      pthread_attr_init(0); pthread_cleanup_push(0, 0);
|                      pthread_create(0,0,0,0); pthread_cleanup_pop(0);
|   ;
|   return 0;
| }
configure:17812: result: no
configure:17770: checking for the pthreads library -llthread
configure:17803: gcc -o conftest -I/root/enpower/pocl/libtool/libtool-2.4.6/install/include   -L/root/enpower/pocl/libtool/libtool-2.4.6/install/lib conftest.c -llthread  >&5
conftest.c: In function 'main':
conftest.c:31:22: warning: null argument where non-null required (argument 1) [-Wnonnull]
                      pthread_attr_init(0); pthread_cleanup_push(0, 0);
                      ^
conftest.c:32:22: warning: null argument where non-null required (argument 1) [-Wnonnull]
                      pthread_create(0,0,0,0); pthread_cleanup_pop(0);
                      ^
conftest.c:32:22: warning: null argument where non-null required (argument 3) [-Wnonnull]
/usr/bin/ld: cannot find -llthread
collect2: error: ld returned 1 exit status
configure:17803: $? = 1
configure: failed program was:
| /* confdefs.h */
| #define PACKAGE_NAME "pocl"
| #define PACKAGE_TARNAME "pocl"
| #define PACKAGE_VERSION "0.14-pre"
| #define PACKAGE_STRING "pocl 0.14-pre"
| #define PACKAGE_BUGREPORT "pocl-devel@lists.sourceforge.net"
| #define PACKAGE_URL ""
| #define PACKAGE "pocl"
| #define VERSION "0.14-pre"
| #define STDC_HEADERS 1
| #define HAVE_SYS_TYPES_H 1
| #define HAVE_SYS_STAT_H 1
| #define HAVE_STDLIB_H 1
| #define HAVE_STRING_H 1
| #define HAVE_MEMORY_H 1
| #define HAVE_STRINGS_H 1
| #define HAVE_INTTYPES_H 1
| #define HAVE_STDINT_H 1
| #define HAVE_UNISTD_H 1
| #define HAVE_DLFCN_H 1
| #define LT_OBJDIR ".libs/"
| #define LLVM_VERSION "3.7.1"
| #define LLVM_3_7 /**/
| #define LLVM_BUILT_WITH_ASSERTS /**/
| /* end confdefs.h.  */
| #include <pthread.h>
| int
| main ()
| {
| pthread_t th; pthread_join(th, 0);
|                      pthread_attr_init(0); pthread_cleanup_push(0, 0);
|                      pthread_create(0,0,0,0); pthread_cleanup_pop(0);
|   ;
|   return 0;
| }
configure:17812: result: no
configure:17720: checking whether pthreads work with -pthread
configure:17803: gcc -o conftest -I/root/enpower/pocl/libtool/libtool-2.4.6/install/include -pthread  -L/root/enpower/pocl/libtool/libtool-2.4.6/install/lib conftest.c   >&5
conftest.c: In function 'main':
conftest.c:31:22: warning: null argument where non-null required (argument 1) [-Wnonnull]
                      pthread_attr_init(0); pthread_cleanup_push(0, 0);
                      ^
conftest.c:32:22: warning: null argument where non-null required (argument 1) [-Wnonnull]
                      pthread_create(0,0,0,0); pthread_cleanup_pop(0);
                      ^
conftest.c:32:22: warning: null argument where non-null required (argument 3) [-Wnonnull]
configure:17803: $? = 0
configure:17812: result: yes
configure:17831: checking for joinable pthread attribute
configure:17846: gcc -o conftest -I/root/enpower/pocl/libtool/libtool-2.4.6/install/include -pthread  -L/root/enpower/pocl/libtool/libtool-2.4.6/install/lib conftest.c   >&5
configure:17846: $? = 0
configure:17852: result: PTHREAD_CREATE_JOINABLE
configure:17862: checking if more special flags are required for pthreads
configure:17869: result: no
configure:17971: checking for LTTNG_UST
configure:17978: $PKG_CONFIG --exists --print-errors "lttng-ust >= 2.7"
Package lttng-ust was not found in the pkg-config search path.
Perhaps you should add the directory containing `lttng-ust.pc'
to the PKG_CONFIG_PATH environment variable
No package 'lttng-ust' found
configure:17981: $? = 1
configure:17995: $PKG_CONFIG --exists --print-errors "lttng-ust >= 2.7"
Package lttng-ust was not found in the pkg-config search path.
Perhaps you should add the directory containing `lttng-ust.pc'
to the PKG_CONFIG_PATH environment variable
No package 'lttng-ust' found
configure:17998: $? = 1
configure:18012: result: no
No package 'lttng-ust' found
configure:18072: checking for OCL_ICD
configure:18137: result: yes
configure:18204: enabling ICD extension build
configure:18246: disabling direct linkage as requested
configure:18292: tests will be run through the ICD
configure:18305: checking for OPENCL
configure:18312: $PKG_CONFIG --exists --print-errors "OpenCL >= 1.2"
Package OpenCL was not found in the pkg-config search path.
Perhaps you should add the directory containing `OpenCL.pc'
to the PKG_CONFIG_PATH environment variable
No package 'OpenCL' found
configure:18315: $? = 1
configure:18329: $PKG_CONFIG --exists --print-errors "OpenCL >= 1.2"
Package OpenCL was not found in the pkg-config search path.
Perhaps you should add the directory containing `OpenCL.pc'
to the PKG_CONFIG_PATH environment variable
No package 'OpenCL' found
configure:18332: $? = 1
configure:18346: result: no
No package 'OpenCL' found
configure:18363: WARNING: Tests through ICD loader enabled, but OpenCL.pc file installed by ocl-icd seems missing
configure:18428: checking CL/opencl.h usability
configure:18428: gcc -c -I/root/enpower/pocl/libtool/libtool-2.4.6/install/include  conftest.c >&5
configure:18428: $? = 0
configure:18428: result: yes
configure:18428: checking CL/opencl.h presence
configure:18428: gcc -E  conftest.c
configure:18428: $? = 0
configure:18428: result: yes
configure:18428: checking for CL/opencl.h
configure:18428: result: yes
configure:18469: checking for library containing lt_dlsym
configure:18500: gcc -o conftest -I/root/enpower/pocl/libtool/libtool-2.4.6/install/include  -L/root/enpower/pocl/libtool/libtool-2.4.6/install/lib conftest.c  >&5
/tmp/cc251DrY.o: In function `main':
conftest.c:(.text+0x4): undefined reference to `lt_dlsym'
collect2: error: ld returned 1 exit status
configure:18500: $? = 1
configure: failed program was:
| /* confdefs.h */
| #define PACKAGE_NAME "pocl"
| #define PACKAGE_TARNAME "pocl"
| #define PACKAGE_VERSION "0.14-pre"
| #define PACKAGE_STRING "pocl 0.14-pre"
| #define PACKAGE_BUGREPORT "pocl-devel@lists.sourceforge.net"
| #define PACKAGE_URL ""
| #define PACKAGE "pocl"
| #define VERSION "0.14-pre"
| #define STDC_HEADERS 1
| #define HAVE_SYS_TYPES_H 1
| #define HAVE_SYS_STAT_H 1
| #define HAVE_STDLIB_H 1
| #define HAVE_STRING_H 1
| #define HAVE_MEMORY_H 1
| #define HAVE_STRINGS_H 1
| #define HAVE_INTTYPES_H 1
| #define HAVE_STDINT_H 1
| #define HAVE_UNISTD_H 1
| #define HAVE_DLFCN_H 1
| #define LT_OBJDIR ".libs/"
| #define LLVM_VERSION "3.7.1"
| #define LLVM_3_7 /**/
| #define LLVM_BUILT_WITH_ASSERTS /**/
| #define HAVE_PTHREAD 1
| #define HAVE_OCL_ICD 1
| #define BUILD_ICD /**/
| #define HAVE_OPENCL_HPP  
| /* end confdefs.h.  */
| 
| /* Override any GCC internal prototype to avoid an error.
|    Use char because int might match the return type of a GCC
|    builtin and then its argument prototype would still apply.  */
| #ifdef __cplusplus
| extern "C"
| #endif
| char lt_dlsym ();
| int
| main ()
| {
| return lt_dlsym ();
|   ;
|   return 0;
| }
configure:18500: gcc -o conftest -I/root/enpower/pocl/libtool/libtool-2.4.6/install/include  -L/root/enpower/pocl/libtool/libtool-2.4.6/install/lib conftest.c -lltdl   >&5
configure:18500: $? = 0
configure:18517: result: -lltdl
configure:18535: Starting OpenCL runtime build system checks
configure:18562: checking for clock_gettime availability
configure:18576: gcc -c -I/root/enpower/pocl/libtool/libtool-2.4.6/install/include  conftest.c >&5
configure:18576: $? = 0
configure:18577: result: yes
configure:18611: checking for vfork
configure:18611: gcc -o conftest -I/root/enpower/pocl/libtool/libtool-2.4.6/install/include  -L/root/enpower/pocl/libtool/libtool-2.4.6/install/lib conftest.c  >&5
configure:18611: $? = 0
configure:18611: result: yes
configure:18611: checking for fork
configure:18611: gcc -o conftest -I/root/enpower/pocl/libtool/libtool-2.4.6/install/include  -L/root/enpower/pocl/libtool/libtool-2.4.6/install/lib conftest.c  >&5
conftest.c:55:6: warning: conflicting types for built-in function 'fork'
 char fork ();
      ^
configure:18611: $? = 0
configure:18611: result: yes
configure:18663: checking for GLEW
configure:18670: $PKG_CONFIG --exists --print-errors "glew"
Package glew was not found in the pkg-config search path.
Perhaps you should add the directory containing `glew.pc'
to the PKG_CONFIG_PATH environment variable
No package 'glew' found
configure:18673: $? = 1
configure:18687: $PKG_CONFIG --exists --print-errors "glew"
Package glew was not found in the pkg-config search path.
Perhaps you should add the directory containing `glew.pc'
to the PKG_CONFIG_PATH environment variable
No package 'glew' found
configure:18690: $? = 1
configure:18704: result: no
No package 'glew' found
configure:18720: libGLEW not found. A few tests will not work
configure:18750: checking for clang
configure:18769: found /root/enpower/llvm/llvm_37/install/bin/clang
configure:18781: result: /root/enpower/llvm/llvm_37/install/bin/clang
configure:18819: checking Clang option to specify the target
configure:18828: result: --target=TARGET
configure:18839: checking for clang++
configure:18858: found /root/enpower/llvm/llvm_37/install/bin/clang++
configure:18870: result: /root/enpower/llvm/llvm_37/install/bin/clang++
configure:18913: checking whether clang++ works
configure:18928: /root/enpower/llvm/llvm_37/install/bin/clang++ -c --target=armv7l-unknown-linux-gnueabihf   conftest.cpp >&5
configure:18928: $? = 0
configure:18929: result: yes
configure:18966: Detected LLVM 3.7+, not adding -fno-rtti to LLVM CXXFLAGS
configure:18973: checking if llvm-config reports -DNDEBUG properly
configure:18991: /root/enpower/llvm/llvm_37/install/bin/clang++ -o conftest --target=armv7l-unknown-linux-gnueabihf  -I/root/enpower/llvm/llvm_37/install/include  -D_DEBUG -D_GNU_SOURCE -D__STDC_CONSTANT_MACROS -D__STDC_FORMAT_MACROS -D__STDC_LIMIT_MACROS -O3 -fomit-frame-pointer -std=c++11 -fvisibility-inlines-hidden -fno-exceptions -fPIC -ffunction-sections -fdata-sections -Wcast-qual -UNDEBUG  -L/root/enpower/pocl/libtool/libtool-2.4.6/install/lib -L/root/enpower/llvm/llvm_37/install/lib  -lz -lpthread -ltinfo -ldl -lm  conftest.cpp  -lLLVMLTO -lLLVMObjCARCOpts -lLLVMLinker -lLLVMBitWriter -lLLVMIRReader -lLLVMBPFCodeGen -lLLVMBPFDesc -lLLVMBPFInfo -lLLVMBPFAsmPrinter -lLLVMAMDGPUCodeGen -lLLVMAMDGPUAsmParser -lLLVMAMDGPUUtils -lLLVMAMDGPUDesc -lLLVMAMDGPUInfo -lLLVMAMDGPUAsmPrinter -lLLVMSystemZDisassembler -lLLVMSystemZCodeGen -lLLVMSystemZAsmParser -lLLVMSystemZDesc -lLLVMSystemZInfo -lLLVMSystemZAsmPrinter -lLLVMHexagonDisassembler -lLLVMHexagonCodeGen -lLLVMHexagonDesc -lLLVMHexagonInfo -lLLVMNVPTXCodeGen -lLLVMNVPTXDesc -lLLVMNVPTXInfo -lLLVMNVPTXAsmPrinter -lLLVMCppBackendCodeGen -lLLVMCppBackendInfo -lLLVMMSP430CodeGen -lLLVMMSP430Desc -lLLVMMSP430Info -lLLVMMSP430AsmPrinter -lLLVMXCoreDisassembler -lLLVMXCoreCodeGen -lLLVMXCoreDesc -lLLVMXCoreInfo -lLLVMXCoreAsmPrinter -lLLVMMipsDisassembler -lLLVMMipsCodeGen -lLLVMMipsAsmParser -lLLVMMipsDesc -lLLVMMipsInfo -lLLVMMipsAsmPrinter -lLLVMAArch64Disassembler -lLLVMAArch64CodeGen -lLLVMAArch64AsmParser -lLLVMAArch64Desc -lLLVMAArch64Info -lLLVMAArch64AsmPrinter -lLLVMAArch64Utils -lLLVMPowerPCDisassembler -lLLVMPowerPCCodeGen -lLLVMPowerPCAsmParser -lLLVMPowerPCDesc -lLLVMPowerPCInfo -lLLVMPowerPCAsmPrinter -lLLVMSparcDisassembler -lLLVMSparcCodeGen -lLLVMSparcAsmParser -lLLVMSparcDesc -lLLVMSparcInfo -lLLVMSparcAsmPrinter -lLLVMX86Disassembler -lLLVMX86AsmParser -lLLVMX86CodeGen -lLLVMX86Desc -lLLVMX86Info -lLLVMX86AsmPrinter -lLLVMX86Utils -lLLVMMIRParser -lLLVMAsmParser -lLLVMLibDriver -lLLVMOption -lLLVMDebugInfoPDB -lLLVMTableGen -lLLVMOrcJIT -lLLVMLineEditor -lLLVMARMDisassembler -lLLVMARMCodeGen -lLLVMSelectionDAG -lLLVMAsmPrinter -lLLVMARMAsmParser -lLLVMARMDesc -lLLVMMCDisassembler -lLLVMARMInfo -lLLVMARMAsmPrinter -lLLVMMCJIT -lLLVMDebugInfoDWARF -lLLVMPasses -lLLVMipo -lLLVMVectorize -lLLVMInterpreter -lLLVMExecutionEngine -lLLVMRuntimeDyld -lLLVMCodeGen -lLLVMTarget -lLLVMScalarOpts -lLLVMProfileData -lLLVMObject -lLLVMMCParser -lLLVMBitReader -lLLVMInstCombine -lLLVMInstrumentation -lLLVMTransformUtils -lLLVMipa -lLLVMMC -lLLVMAnalysis -lLLVMCore -lLLVMSupport >&5
configure:18991: $? = 0
configure:18993: result: yes
configure:19073: checking for opt
configure:19092: found /root/enpower/llvm/llvm_37/install/bin/opt
configure:19104: result: /root/enpower/llvm/llvm_37/install/bin/opt
configure:19130: checking for opt
configure:19149: found /root/enpower/llvm/llvm_37/install/bin/opt
configure:19161: result: /root/enpower/llvm/llvm_37/install/bin/opt
configure:19187: checking for llc
configure:19206: found /root/enpower/llvm/llvm_37/install/bin/llc
configure:19218: result: /root/enpower/llvm/llvm_37/install/bin/llc
configure:19244: checking for llvm-as
configure:19263: found /root/enpower/llvm/llvm_37/install/bin/llvm-as
configure:19275: result: /root/enpower/llvm/llvm_37/install/bin/llvm-as
configure:19301: checking for llvm-link
configure:19320: found /root/enpower/llvm/llvm_37/install/bin/llvm-link
configure:19332: result: /root/enpower/llvm/llvm_37/install/bin/llvm-link
configure:19364: checking Linker option to build a shared library
configure:19371: result: -shared
configure:19395: checking LLC target triple (for host armv7l-unknown-linux-gnueabihf)
configure:19398: result: armv7-unknown-linux-gnueabihf
configure:19401: checking LLC host CPU
configure:19407: result: (unknown)
configure:19443: using the ARM optimized kernel lib for the native device
configure:19699: checking for tce-config
configure:19732: result: no
configure:19844: TCE installation not found or doesn't work. The ttasim device will not be built.
configure:19925: checking for Android
configure:19939: g++ -c -g -O2  conftest.cpp >&5
conftest.cpp:56:26: fatal error: android/log.h: No such file or directory
compilation terminated.
configure:19939: $? = 1
configure: failed program was:
| /* confdefs.h */
| #define PACKAGE_NAME "pocl"
| #define PACKAGE_TARNAME "pocl"
| #define PACKAGE_VERSION "0.14-pre"
| #define PACKAGE_STRING "pocl 0.14-pre"
| #define PACKAGE_BUGREPORT "pocl-devel@lists.sourceforge.net"
| #define PACKAGE_URL ""
| #define PACKAGE "pocl"
| #define VERSION "0.14-pre"
| #define STDC_HEADERS 1
| #define HAVE_SYS_TYPES_H 1
| #define HAVE_SYS_STAT_H 1
| #define HAVE_STDLIB_H 1
| #define HAVE_STRING_H 1
| #define HAVE_MEMORY_H 1
| #define HAVE_STRINGS_H 1
| #define HAVE_INTTYPES_H 1
| #define HAVE_STDINT_H 1
| #define HAVE_UNISTD_H 1
| #define HAVE_DLFCN_H 1
| #define LT_OBJDIR ".libs/"
| #define LLVM_VERSION "3.7.1"
| #define LLVM_3_7 /**/
| #define LLVM_BUILT_WITH_ASSERTS /**/
| #define HAVE_PTHREAD 1
| #define HAVE_OCL_ICD 1
| #define BUILD_ICD /**/
| #define HAVE_OPENCL_HPP  
| #define HAVE_CLOCK_GETTIME 1
| #define HAVE_VFORK 1
| #define HAVE_FORK 1
| #define POCL_DEBUG_MESSAGES 1
| #define POCL_KERNEL_CACHE_DEFAULT 1
| #define CLANGXX "/root/enpower/llvm/llvm_37/install/bin/clang++"
| #define CLANGXX_FLAGS "--target=armv7l-unknown-linux-gnueabihf "
| #define CLANG "/root/enpower/llvm/llvm_37/install/bin/clang"
| #define CLFLAGS " -Xclang -cl-std=CL2.0 -D__OPENCL_C_VERSION__=200"
| #define FORCED_CLFLAGS "-Xclang -ffake-address-space-map -fno-math-errno -fblocks -fno-builtin -fasm -Wno-format"
| #define LLVM_LLC "/root/enpower/llvm/llvm_37/install/bin/llc"
| #define KERNEL_DIR "host"
| #define TARGET "armv7l-unknown-linux-gnueabihf"
| #define TARGET_CLANG_FLAGS ""
| #define TARGET_LLC_FLAGS ""
| #define HOST "armv7l-unknown-linux-gnueabihf"
| #define HOST_CPU "armv7l"
| #define OCL_KERNEL_TARGET "armv7-unknown-linux-gnueabihf"
| #define OCL_KERNEL_TARGET_CPU "(unknown)"
| #define OCL_KERNEL_ARCH ""
| #define HOST_CLANG_FLAGS " -mfloat-abi=hard --target=armv7-unknown-linux-gnueabihf"
| #define HOST_LLC_FLAGS "-relocation-model=pic -float-abi=hard -mtriple=armv7-unknown-linux-gnueabihf"
| #define HOST_AS_FLAGS " -mfloat-abi=hard"
| #define HOST_LD_FLAGS "-shared"
| #define POCL_DEVICE_ADDRESS_BITS 32
| #define USE_VECMATHLIB /**/
| /* end confdefs.h.  */
|  #include <android/log.h>
| 
| int
| main ()
| {
| 
|   ;
|   return 0;
| }
configure:19944: result: no
configure:19989: Using default HSA runtime location: /opt/hsa
configure:20006: checking for HSA runtime
configure:20012: checking for library containing hsa_executable_get_symbol
configure:20043: g++ -o conftest -g -O2  -L/root/enpower/pocl/libtool/libtool-2.4.6/install/lib -L/opt/hsa/lib conftest.cpp  >&5
/tmp/ccMHVkok.o: In function `main':
/root/enpower/pocl/pocl-git-icd/build/conftest.cpp:67: undefined reference to `hsa_executable_get_symbol'
collect2: error: ld returned 1 exit status
configure:20043: $? = 1
configure: failed program was:
| /* confdefs.h */
| #define PACKAGE_NAME "pocl"
| #define PACKAGE_TARNAME "pocl"
| #define PACKAGE_VERSION "0.14-pre"
| #define PACKAGE_STRING "pocl 0.14-pre"
| #define PACKAGE_BUGREPORT "pocl-devel@lists.sourceforge.net"
| #define PACKAGE_URL ""
| #define PACKAGE "pocl"
| #define VERSION "0.14-pre"
| #define STDC_HEADERS 1
| #define HAVE_SYS_TYPES_H 1
| #define HAVE_SYS_STAT_H 1
| #define HAVE_STDLIB_H 1
| #define HAVE_STRING_H 1
| #define HAVE_MEMORY_H 1
| #define HAVE_STRINGS_H 1
| #define HAVE_INTTYPES_H 1
| #define HAVE_STDINT_H 1
| #define HAVE_UNISTD_H 1
| #define HAVE_DLFCN_H 1
| #define LT_OBJDIR ".libs/"
| #define LLVM_VERSION "3.7.1"
| #define LLVM_3_7 /**/
| #define LLVM_BUILT_WITH_ASSERTS /**/
| #define HAVE_PTHREAD 1
| #define HAVE_OCL_ICD 1
| #define BUILD_ICD /**/
| #define HAVE_OPENCL_HPP  
| #define HAVE_CLOCK_GETTIME 1
| #define HAVE_VFORK 1
| #define HAVE_FORK 1
| #define POCL_DEBUG_MESSAGES 1
| #define POCL_KERNEL_CACHE_DEFAULT 1
| #define CLANGXX "/root/enpower/llvm/llvm_37/install/bin/clang++"
| #define CLANGXX_FLAGS "--target=armv7l-unknown-linux-gnueabihf "
| #define CLANG "/root/enpower/llvm/llvm_37/install/bin/clang"
| #define CLFLAGS " -Xclang -cl-std=CL2.0 -D__OPENCL_C_VERSION__=200"
| #define FORCED_CLFLAGS "-Xclang -ffake-address-space-map -fno-math-errno -fblocks -fno-builtin -fasm -Wno-format"
| #define LLVM_LLC "/root/enpower/llvm/llvm_37/install/bin/llc"
| #define KERNEL_DIR "host"
| #define TARGET "armv7l-unknown-linux-gnueabihf"
| #define TARGET_CLANG_FLAGS ""
| #define TARGET_LLC_FLAGS ""
| #define HOST "armv7l-unknown-linux-gnueabihf"
| #define HOST_CPU "armv7l"
| #define OCL_KERNEL_TARGET "armv7-unknown-linux-gnueabihf"
| #define OCL_KERNEL_TARGET_CPU "(unknown)"
| #define OCL_KERNEL_ARCH ""
| #define HOST_CLANG_FLAGS " -mfloat-abi=hard --target=armv7-unknown-linux-gnueabihf"
| #define HOST_LLC_FLAGS "-relocation-model=pic -float-abi=hard -mtriple=armv7-unknown-linux-gnueabihf"
| #define HOST_AS_FLAGS " -mfloat-abi=hard"
| #define HOST_LD_FLAGS "-shared"
| #define POCL_DEVICE_ADDRESS_BITS 32
| #define USE_VECMATHLIB /**/
| /* end confdefs.h.  */
| 
| /* Override any GCC internal prototype to avoid an error.
|    Use char because int might match the return type of a GCC
|    builtin and then its argument prototype would still apply.  */
| #ifdef __cplusplus
| extern "C"
| #endif
| char hsa_executable_get_symbol ();
| int
| main ()
| {
| return hsa_executable_get_symbol ();
|   ;
|   return 0;
| }
configure:20043: g++ -o conftest -g -O2  -L/root/enpower/pocl/libtool/libtool-2.4.6/install/lib -L/opt/hsa/lib conftest.cpp -lhsa-runtime64   >&5
/usr/bin/ld: cannot find -lhsa-runtime64
collect2: error: ld returned 1 exit status
configure:20043: $? = 1
configure: failed program was:
| /* confdefs.h */
| #define PACKAGE_NAME "pocl"
| #define PACKAGE_TARNAME "pocl"
| #define PACKAGE_VERSION "0.14-pre"
| #define PACKAGE_STRING "pocl 0.14-pre"
| #define PACKAGE_BUGREPORT "pocl-devel@lists.sourceforge.net"
| #define PACKAGE_URL ""
| #define PACKAGE "pocl"
| #define VERSION "0.14-pre"
| #define STDC_HEADERS 1
| #define HAVE_SYS_TYPES_H 1
| #define HAVE_SYS_STAT_H 1
| #define HAVE_STDLIB_H 1
| #define HAVE_STRING_H 1
| #define HAVE_MEMORY_H 1
| #define HAVE_STRINGS_H 1
| #define HAVE_INTTYPES_H 1
| #define HAVE_STDINT_H 1
| #define HAVE_UNISTD_H 1
| #define HAVE_DLFCN_H 1
| #define LT_OBJDIR ".libs/"
| #define LLVM_VERSION "3.7.1"
| #define LLVM_3_7 /**/
| #define LLVM_BUILT_WITH_ASSERTS /**/
| #define HAVE_PTHREAD 1
| #define HAVE_OCL_ICD 1
| #define BUILD_ICD /**/
| #define HAVE_OPENCL_HPP  
| #define HAVE_CLOCK_GETTIME 1
| #define HAVE_VFORK 1
| #define HAVE_FORK 1
| #define POCL_DEBUG_MESSAGES 1
| #define POCL_KERNEL_CACHE_DEFAULT 1
| #define CLANGXX "/root/enpower/llvm/llvm_37/install/bin/clang++"
| #define CLANGXX_FLAGS "--target=armv7l-unknown-linux-gnueabihf "
| #define CLANG "/root/enpower/llvm/llvm_37/install/bin/clang"
| #define CLFLAGS " -Xclang -cl-std=CL2.0 -D__OPENCL_C_VERSION__=200"
| #define FORCED_CLFLAGS "-Xclang -ffake-address-space-map -fno-math-errno -fblocks -fno-builtin -fasm -Wno-format"
| #define LLVM_LLC "/root/enpower/llvm/llvm_37/install/bin/llc"
| #define KERNEL_DIR "host"
| #define TARGET "armv7l-unknown-linux-gnueabihf"
| #define TARGET_CLANG_FLAGS ""
| #define TARGET_LLC_FLAGS ""
| #define HOST "armv7l-unknown-linux-gnueabihf"
| #define HOST_CPU "armv7l"
| #define OCL_KERNEL_TARGET "armv7-unknown-linux-gnueabihf"
| #define OCL_KERNEL_TARGET_CPU "(unknown)"
| #define OCL_KERNEL_ARCH ""
| #define HOST_CLANG_FLAGS " -mfloat-abi=hard --target=armv7-unknown-linux-gnueabihf"
| #define HOST_LLC_FLAGS "-relocation-model=pic -float-abi=hard -mtriple=armv7-unknown-linux-gnueabihf"
| #define HOST_AS_FLAGS " -mfloat-abi=hard"
| #define HOST_LD_FLAGS "-shared"
| #define POCL_DEVICE_ADDRESS_BITS 32
| #define USE_VECMATHLIB /**/
| /* end confdefs.h.  */
| 
| /* Override any GCC internal prototype to avoid an error.
|    Use char because int might match the return type of a GCC
|    builtin and then its argument prototype would still apply.  */
| #ifdef __cplusplus
| extern "C"
| #endif
| char hsa_executable_get_symbol ();
| int
| main ()
| {
| return hsa_executable_get_symbol ();
|   ;
|   return 0;
| }
configure:20043: g++ -o conftest -g -O2  -L/root/enpower/pocl/libtool/libtool-2.4.6/install/lib -L/opt/hsa/lib conftest.cpp -lphsa-runtime64   >&5
/usr/bin/ld: cannot find -lphsa-runtime64
collect2: error: ld returned 1 exit status
configure:20043: $? = 1
configure: failed program was:
| /* confdefs.h */
| #define PACKAGE_NAME "pocl"
| #define PACKAGE_TARNAME "pocl"
| #define PACKAGE_VERSION "0.14-pre"
| #define PACKAGE_STRING "pocl 0.14-pre"
| #define PACKAGE_BUGREPORT "pocl-devel@lists.sourceforge.net"
| #define PACKAGE_URL ""
| #define PACKAGE "pocl"
| #define VERSION "0.14-pre"
| #define STDC_HEADERS 1
| #define HAVE_SYS_TYPES_H 1
| #define HAVE_SYS_STAT_H 1
| #define HAVE_STDLIB_H 1
| #define HAVE_STRING_H 1
| #define HAVE_MEMORY_H 1
| #define HAVE_STRINGS_H 1
| #define HAVE_INTTYPES_H 1
| #define HAVE_STDINT_H 1
| #define HAVE_UNISTD_H 1
| #define HAVE_DLFCN_H 1
| #define LT_OBJDIR ".libs/"
| #define LLVM_VERSION "3.7.1"
| #define LLVM_3_7 /**/
| #define LLVM_BUILT_WITH_ASSERTS /**/
| #define HAVE_PTHREAD 1
| #define HAVE_OCL_ICD 1
| #define BUILD_ICD /**/
| #define HAVE_OPENCL_HPP  
| #define HAVE_CLOCK_GETTIME 1
| #define HAVE_VFORK 1
| #define HAVE_FORK 1
| #define POCL_DEBUG_MESSAGES 1
| #define POCL_KERNEL_CACHE_DEFAULT 1
| #define CLANGXX "/root/enpower/llvm/llvm_37/install/bin/clang++"
| #define CLANGXX_FLAGS "--target=armv7l-unknown-linux-gnueabihf "
| #define CLANG "/root/enpower/llvm/llvm_37/install/bin/clang"
| #define CLFLAGS " -Xclang -cl-std=CL2.0 -D__OPENCL_C_VERSION__=200"
| #define FORCED_CLFLAGS "-Xclang -ffake-address-space-map -fno-math-errno -fblocks -fno-builtin -fasm -Wno-format"
| #define LLVM_LLC "/root/enpower/llvm/llvm_37/install/bin/llc"
| #define KERNEL_DIR "host"
| #define TARGET "armv7l-unknown-linux-gnueabihf"
| #define TARGET_CLANG_FLAGS ""
| #define TARGET_LLC_FLAGS ""
| #define HOST "armv7l-unknown-linux-gnueabihf"
| #define HOST_CPU "armv7l"
| #define OCL_KERNEL_TARGET "armv7-unknown-linux-gnueabihf"
| #define OCL_KERNEL_TARGET_CPU "(unknown)"
| #define OCL_KERNEL_ARCH ""
| #define HOST_CLANG_FLAGS " -mfloat-abi=hard --target=armv7-unknown-linux-gnueabihf"
| #define HOST_LLC_FLAGS "-relocation-model=pic -float-abi=hard -mtriple=armv7-unknown-linux-gnueabihf"
| #define HOST_AS_FLAGS " -mfloat-abi=hard"
| #define HOST_LD_FLAGS "-shared"
| #define POCL_DEVICE_ADDRESS_BITS 32
| #define USE_VECMATHLIB /**/
| /* end confdefs.h.  */
| 
| /* Override any GCC internal prototype to avoid an error.
|    Use char because int might match the return type of a GCC
|    builtin and then its argument prototype would still apply.  */
| #ifdef __cplusplus
| extern "C"
| #endif
| char hsa_executable_get_symbol ();
| int
| main ()
| {
| return hsa_executable_get_symbol ();
|   ;
|   return 0;
| }
configure:20060: result: no
configure:20113: checking if the hsail64 target is supported in Clang/LLVM
configure:20121: result: no
configure:20129: checking for HSA runtime headers
configure:20145: gcc -c -I/root/enpower/pocl/libtool/libtool-2.4.6/install/include  -I/opt/hsa/include conftest.c >&5
conftest.c:56:18: fatal error: hsa.h: No such file or directory
compilation terminated.
configure:20145: $? = 1
configure: failed program was:
| /* confdefs.h */
| #define PACKAGE_NAME "pocl"
| #define PACKAGE_TARNAME "pocl"
| #define PACKAGE_VERSION "0.14-pre"
| #define PACKAGE_STRING "pocl 0.14-pre"
| #define PACKAGE_BUGREPORT "pocl-devel@lists.sourceforge.net"
| #define PACKAGE_URL ""
| #define PACKAGE "pocl"
| #define VERSION "0.14-pre"
| #define STDC_HEADERS 1
| #define HAVE_SYS_TYPES_H 1
| #define HAVE_SYS_STAT_H 1
| #define HAVE_STDLIB_H 1
| #define HAVE_STRING_H 1
| #define HAVE_MEMORY_H 1
| #define HAVE_STRINGS_H 1
| #define HAVE_INTTYPES_H 1
| #define HAVE_STDINT_H 1
| #define HAVE_UNISTD_H 1
| #define HAVE_DLFCN_H 1
| #define LT_OBJDIR ".libs/"
| #define LLVM_VERSION "3.7.1"
| #define LLVM_3_7 /**/
| #define LLVM_BUILT_WITH_ASSERTS /**/
| #define HAVE_PTHREAD 1
| #define HAVE_OCL_ICD 1
| #define BUILD_ICD /**/
| #define HAVE_OPENCL_HPP  
| #define HAVE_CLOCK_GETTIME 1
| #define HAVE_VFORK 1
| #define HAVE_FORK 1
| #define POCL_DEBUG_MESSAGES 1
| #define POCL_KERNEL_CACHE_DEFAULT 1
| #define CLANGXX "/root/enpower/llvm/llvm_37/install/bin/clang++"
| #define CLANGXX_FLAGS "--target=armv7l-unknown-linux-gnueabihf "
| #define CLANG "/root/enpower/llvm/llvm_37/install/bin/clang"
| #define CLFLAGS " -Xclang -cl-std=CL2.0 -D__OPENCL_C_VERSION__=200"
| #define FORCED_CLFLAGS "-Xclang -ffake-address-space-map -fno-math-errno -fblocks -fno-builtin -fasm -Wno-format"
| #define LLVM_LLC "/root/enpower/llvm/llvm_37/install/bin/llc"
| #define KERNEL_DIR "host"
| #define TARGET "armv7l-unknown-linux-gnueabihf"
| #define TARGET_CLANG_FLAGS ""
| #define TARGET_LLC_FLAGS ""
| #define HOST "armv7l-unknown-linux-gnueabihf"
| #define HOST_CPU "armv7l"
| #define OCL_KERNEL_TARGET "armv7-unknown-linux-gnueabihf"
| #define OCL_KERNEL_TARGET_CPU "(unknown)"
| #define OCL_KERNEL_ARCH ""
| #define HOST_CLANG_FLAGS " -mfloat-abi=hard --target=armv7-unknown-linux-gnueabihf"
| #define HOST_LLC_FLAGS "-relocation-model=pic -float-abi=hard -mtriple=armv7-unknown-linux-gnueabihf"
| #define HOST_AS_FLAGS " -mfloat-abi=hard"
| #define HOST_LD_FLAGS "-shared"
| #define POCL_DEVICE_ADDRESS_BITS 32
| #define USE_VECMATHLIB /**/
| /* end confdefs.h.  */
|  #include <hsa.h>
|      #include <hsa_ext_finalize.h>
|      #include <hsa_ext_image.h>
| 
| int
| main ()
| {
| 
|   ;
|   return 0;
| }
configure:20149: result: no
configure:20156: checking for AMD-specific HSA runtime headers
configure:20170: gcc -c -I/root/enpower/pocl/libtool/libtool-2.4.6/install/include  -I/opt/hsa/include conftest.c >&5
conftest.c:56:26: fatal error: hsa_ext_amd.h: No such file or directory
compilation terminated.
configure:20170: $? = 1
configure: failed program was:
| /* confdefs.h */
| #define PACKAGE_NAME "pocl"
| #define PACKAGE_TARNAME "pocl"
| #define PACKAGE_VERSION "0.14-pre"
| #define PACKAGE_STRING "pocl 0.14-pre"
| #define PACKAGE_BUGREPORT "pocl-devel@lists.sourceforge.net"
| #define PACKAGE_URL ""
| #define PACKAGE "pocl"
| #define VERSION "0.14-pre"
| #define STDC_HEADERS 1
| #define HAVE_SYS_TYPES_H 1
| #define HAVE_SYS_STAT_H 1
| #define HAVE_STDLIB_H 1
| #define HAVE_STRING_H 1
| #define HAVE_MEMORY_H 1
| #define HAVE_STRINGS_H 1
| #define HAVE_INTTYPES_H 1
| #define HAVE_STDINT_H 1
| #define HAVE_UNISTD_H 1
| #define HAVE_DLFCN_H 1
| #define LT_OBJDIR ".libs/"
| #define LLVM_VERSION "3.7.1"
| #define LLVM_3_7 /**/
| #define LLVM_BUILT_WITH_ASSERTS /**/
| #define HAVE_PTHREAD 1
| #define HAVE_OCL_ICD 1
| #define BUILD_ICD /**/
| #define HAVE_OPENCL_HPP  
| #define HAVE_CLOCK_GETTIME 1
| #define HAVE_VFORK 1
| #define HAVE_FORK 1
| #define POCL_DEBUG_MESSAGES 1
| #define POCL_KERNEL_CACHE_DEFAULT 1
| #define CLANGXX "/root/enpower/llvm/llvm_37/install/bin/clang++"
| #define CLANGXX_FLAGS "--target=armv7l-unknown-linux-gnueabihf "
| #define CLANG "/root/enpower/llvm/llvm_37/install/bin/clang"
| #define CLFLAGS " -Xclang -cl-std=CL2.0 -D__OPENCL_C_VERSION__=200"
| #define FORCED_CLFLAGS "-Xclang -ffake-address-space-map -fno-math-errno -fblocks -fno-builtin -fasm -Wno-format"
| #define LLVM_LLC "/root/enpower/llvm/llvm_37/install/bin/llc"
| #define KERNEL_DIR "host"
| #define TARGET "armv7l-unknown-linux-gnueabihf"
| #define TARGET_CLANG_FLAGS ""
| #define TARGET_LLC_FLAGS ""
| #define HOST "armv7l-unknown-linux-gnueabihf"
| #define HOST_CPU "armv7l"
| #define OCL_KERNEL_TARGET "armv7-unknown-linux-gnueabihf"
| #define OCL_KERNEL_TARGET_CPU "(unknown)"
| #define OCL_KERNEL_ARCH ""
| #define HOST_CLANG_FLAGS " -mfloat-abi=hard --target=armv7-unknown-linux-gnueabihf"
| #define HOST_LLC_FLAGS "-relocation-model=pic -float-abi=hard -mtriple=armv7-unknown-linux-gnueabihf"
| #define HOST_AS_FLAGS " -mfloat-abi=hard"
| #define HOST_LD_FLAGS "-shared"
| #define POCL_DEVICE_ADDRESS_BITS 32
| #define USE_VECMATHLIB /**/
| /* end confdefs.h.  */
|  #include <hsa_ext_amd.h>
| 
| int
| main ()
| {
| 
|   ;
|   return 0;
| }
configure:20178: result: no
configure:20190: checking for HSAILasm
configure:20223: result: no
configure:20238: Could not find HSAILasm executable, disabling HSA support
configure:20302: Building the following device drivers: basic pthreads
configure:20362: checking for posix_memalign
configure:20376: ../config/xclang -o conftest    conftest.c  >&5
conftest.c:63:35: warning: null passed to a callee that requires a non-null argument [-Wnonnull]
 int r = posix_memalign(NULL, 0, 0);
                        ~~~~      ^
1 warning generated.
configure:20376: $? = 0
configure:20377: result: yes
configure:20390: Checking target compiler characteristics
configure:20397: checking size of long
configure:20402: ../config/xclang -o conftest -h armv7l-unknown-linux-gnueabihf   conftest.c  >&5
configure:20402: $? = 0
configure:20402: ./conftest
configure:20402: $? = 0
configure:20416: result: 4
configure:20432: checking size of __fp16
configure:20437: ../config/xclang -o conftest -h armv7l-unknown-linux-gnueabihf   conftest.c  >&5
configure:20437: $? = 0
configure:20437: ./conftest
configure:20437: $? = 0
configure:20451: result: 2
configure:20467: checking size of double
configure:20472: ../config/xclang -o conftest -h armv7l-unknown-linux-gnueabihf   conftest.c  >&5
configure:20472: $? = 0
configure:20472: ./conftest
configure:20472: $? = 0
configure:20486: result: 8
configure:20502: checking size of void *
configure:20507: ../config/xclang -o conftest -h armv7l-unknown-linux-gnueabihf   conftest.c  >&5
configure:20507: $? = 0
configure:20507: ./conftest
configure:20507: $? = 0
configure:20521: result: 4
configure:20540: Checking host compiler characteristics
configure:20547: checking size of long
configure:20552: ../config/xclang -o conftest -h armv7l-unknown-linux-gnueabihf   conftest.c  >&5
configure:20552: $? = 0
configure:20552: ./conftest
configure:20552: $? = 0
configure:20566: result: 4
configure:20582: checking size of __fp16
configure:20587: ../config/xclang -o conftest -h armv7l-unknown-linux-gnueabihf   conftest.c  >&5
configure:20587: $? = 0
configure:20587: ./conftest
configure:20587: $? = 0
configure:20601: result: 2
configure:20617: checking size of double
configure:20622: ../config/xclang -o conftest -h armv7l-unknown-linux-gnueabihf   conftest.c  >&5
configure:20622: $? = 0
configure:20622: ./conftest
configure:20622: $? = 0
configure:20636: result: 8
configure:20652: checking size of void *
configure:20657: ../config/xclang -o conftest -h armv7l-unknown-linux-gnueabihf   conftest.c  >&5
configure:20657: $? = 0
configure:20657: ./conftest
configure:20657: $? = 0
configure:20671: result: 4
configure:20686: checking alignment of float16
configure:20691: ../config/xclang -o conftest -h armv7l-unknown-linux-gnueabihf   conftest.c  >&5
configure:20691: $? = 0
configure:20691: ./conftest
configure:20691: $? = 0
configure:20710: result: 64
configure:20722: checking alignment of double16
configure:20727: ../config/xclang -o conftest -h armv7l-unknown-linux-gnueabihf   conftest.c  >&5
configure:20727: $? = 0
configure:20727: ./conftest
configure:20727: $? = 0
configure:20746: result: 128
configure:20777: checking whether __fp16 supports arithmetic operations
configure:20790: ../config/xclang -c -h armv7l-unknown-linux-gnueabihf  conftest.c >&5
conftest.c:71:8: error: function return value cannot have __fp16 type; did you forget * ?
__fp16 callfp16(__fp16 a) { return a * (__fp16)1.8; };
       ^
conftest.c:71:24: error: parameters cannot have __fp16 type; did you forget * ?
__fp16 callfp16(__fp16 a) { return a * (__fp16)1.8; };
                       ^
2 errors generated.
/root/enpower/llvm/llvm_37/install/bin/llc: /tmp/xclang27874/xclang.bc: error: Could not open input file: No such file or directory
clang: error: no such file or directory: '/tmp/xclang27874/xclang.s'
clang: error: no input files
configure:20790: $? = 1
configure: failed program was:
| /* confdefs.h */
| #define PACKAGE_NAME "pocl"
| #define PACKAGE_TARNAME "pocl"
| #define PACKAGE_VERSION "0.14-pre"
| #define PACKAGE_STRING "pocl 0.14-pre"
| #define PACKAGE_BUGREPORT "pocl-devel@lists.sourceforge.net"
| #define PACKAGE_URL ""
| #define PACKAGE "pocl"
| #define VERSION "0.14-pre"
| #define STDC_HEADERS 1
| #define HAVE_SYS_TYPES_H 1
| #define HAVE_SYS_STAT_H 1
| #define HAVE_STDLIB_H 1
| #define HAVE_STRING_H 1
| #define HAVE_MEMORY_H 1
| #define HAVE_STRINGS_H 1
| #define HAVE_INTTYPES_H 1
| #define HAVE_STDINT_H 1
| #define HAVE_UNISTD_H 1
| #define HAVE_DLFCN_H 1
| #define LT_OBJDIR ".libs/"
| #define LLVM_VERSION "3.7.1"
| #define LLVM_3_7 /**/
| #define LLVM_BUILT_WITH_ASSERTS /**/
| #define HAVE_PTHREAD 1
| #define HAVE_OCL_ICD 1
| #define BUILD_ICD /**/
| #define HAVE_OPENCL_HPP  
| #define HAVE_CLOCK_GETTIME 1
| #define HAVE_VFORK 1
| #define HAVE_FORK 1
| #define POCL_DEBUG_MESSAGES 1
| #define POCL_KERNEL_CACHE_DEFAULT 1
| #define CLANGXX "/root/enpower/llvm/llvm_37/install/bin/clang++"
| #define CLANGXX_FLAGS "--target=armv7l-unknown-linux-gnueabihf "
| #define CLANG "/root/enpower/llvm/llvm_37/install/bin/clang"
| #define CLFLAGS " -Xclang -cl-std=CL2.0 -D__OPENCL_C_VERSION__=200"
| #define FORCED_CLFLAGS "-Xclang -ffake-address-space-map -fno-math-errno -fblocks -fno-builtin -fasm -Wno-format"
| #define LLVM_LLC "/root/enpower/llvm/llvm_37/install/bin/llc"
| #define KERNEL_DIR "host"
| #define TARGET "armv7l-unknown-linux-gnueabihf"
| #define TARGET_CLANG_FLAGS ""
| #define TARGET_LLC_FLAGS ""
| #define HOST "armv7l-unknown-linux-gnueabihf"
| #define HOST_CPU "armv7l"
| #define OCL_KERNEL_TARGET "armv7-unknown-linux-gnueabihf"
| #define OCL_KERNEL_TARGET_CPU "(unknown)"
| #define OCL_KERNEL_ARCH ""
| #define HOST_CLANG_FLAGS " -mfloat-abi=hard --target=armv7-unknown-linux-gnueabihf"
| #define HOST_LLC_FLAGS "-relocation-model=pic -float-abi=hard -mtriple=armv7-unknown-linux-gnueabihf"
| #define HOST_AS_FLAGS " -mfloat-abi=hard"
| #define HOST_LD_FLAGS "-shared"
| #define POCL_DEVICE_ADDRESS_BITS 32
| #define USE_VECMATHLIB /**/
| #define HSA_DEVICE_EXTENSIONS ""
| #define BUILDDIR "/root/enpower/pocl/pocl-git-icd/build"
| #define SRCDIR "/root/enpower/pocl/pocl-git-icd"
| #define HAVE_POSIX_MEMALIGN /**/
| #define SIZEOF_LONG 4
| #define SIZEOF___FP16 2
| #define SIZEOF_DOUBLE 8
| #define SIZEOF_VOID_P 4
| #define SIZEOF_LONG 4
| #define SIZEOF___FP16 2
| #define SIZEOF_DOUBLE 8
| #define SIZEOF_VOID_P 4
| #define ALIGNOF_FLOAT16 64
| #define ALIGNOF_DOUBLE16 128
| #define MAX_EXTENDED_ALIGNMENT ALIGNOF_DOUBLE16
| /* end confdefs.h.  */
| __fp16 callfp16(__fp16 a) { return a * (__fp16)1.8; };
| int
| main ()
| {
| __fp16 x=callfp16((__fp16)1.643);
|   ;
|   return 0;
| }
configure:20802: result: no
configure:20868: checking whether byte ordering is bigendian
configure:20883: gcc -c -I/root/enpower/pocl/libtool/libtool-2.4.6/install/include  conftest.c >&5
conftest.c:78:9: error: unknown type name 'not'
         not a universal capable compiler
         ^
conftest.c:78:15: error: expected '=', ',', ';', 'asm' or '__attribute__' before 'universal'
         not a universal capable compiler
               ^
conftest.c:78:15: error: unknown type name 'universal'
configure:20883: $? = 1
configure: failed program was:
| /* confdefs.h */
| #define PACKAGE_NAME "pocl"
| #define PACKAGE_TARNAME "pocl"
| #define PACKAGE_VERSION "0.14-pre"
| #define PACKAGE_STRING "pocl 0.14-pre"
| #define PACKAGE_BUGREPORT "pocl-devel@lists.sourceforge.net"
| #define PACKAGE_URL ""
| #define PACKAGE "pocl"
| #define VERSION "0.14-pre"
| #define STDC_HEADERS 1
| #define HAVE_SYS_TYPES_H 1
| #define HAVE_SYS_STAT_H 1
| #define HAVE_STDLIB_H 1
| #define HAVE_STRING_H 1
| #define HAVE_MEMORY_H 1
| #define HAVE_STRINGS_H 1
| #define HAVE_INTTYPES_H 1
| #define HAVE_STDINT_H 1
| #define HAVE_UNISTD_H 1
| #define HAVE_DLFCN_H 1
| #define LT_OBJDIR ".libs/"
| #define LLVM_VERSION "3.7.1"
| #define LLVM_3_7 /**/
| #define LLVM_BUILT_WITH_ASSERTS /**/
| #define HAVE_PTHREAD 1
| #define HAVE_OCL_ICD 1
| #define BUILD_ICD /**/
| #define HAVE_OPENCL_HPP  
| #define HAVE_CLOCK_GETTIME 1
| #define HAVE_VFORK 1
| #define HAVE_FORK 1
| #define POCL_DEBUG_MESSAGES 1
| #define POCL_KERNEL_CACHE_DEFAULT 1
| #define CLANGXX "/root/enpower/llvm/llvm_37/install/bin/clang++"
| #define CLANGXX_FLAGS "--target=armv7l-unknown-linux-gnueabihf "
| #define CLANG "/root/enpower/llvm/llvm_37/install/bin/clang"
| #define CLFLAGS " -Xclang -cl-std=CL2.0 -D__OPENCL_C_VERSION__=200"
| #define FORCED_CLFLAGS "-Xclang -ffake-address-space-map -fno-math-errno -fblocks -fno-builtin -fasm -Wno-format"
| #define LLVM_LLC "/root/enpower/llvm/llvm_37/install/bin/llc"
| #define KERNEL_DIR "host"
| #define TARGET "armv7l-unknown-linux-gnueabihf"
| #define TARGET_CLANG_FLAGS ""
| #define TARGET_LLC_FLAGS ""
| #define HOST "armv7l-unknown-linux-gnueabihf"
| #define HOST_CPU "armv7l"
| #define OCL_KERNEL_TARGET "armv7-unknown-linux-gnueabihf"
| #define OCL_KERNEL_TARGET_CPU "(unknown)"
| #define OCL_KERNEL_ARCH ""
| #define HOST_CLANG_FLAGS " -mfloat-abi=hard --target=armv7-unknown-linux-gnueabihf"
| #define HOST_LLC_FLAGS "-relocation-model=pic -float-abi=hard -mtriple=armv7-unknown-linux-gnueabihf"
| #define HOST_AS_FLAGS " -mfloat-abi=hard"
| #define HOST_LD_FLAGS "-shared"
| #define POCL_DEVICE_ADDRESS_BITS 32
| #define USE_VECMATHLIB /**/
| #define HSA_DEVICE_EXTENSIONS ""
| #define BUILDDIR "/root/enpower/pocl/pocl-git-icd/build"
| #define SRCDIR "/root/enpower/pocl/pocl-git-icd"
| #define HAVE_POSIX_MEMALIGN /**/
| #define SIZEOF_LONG 4
| #define SIZEOF___FP16 2
| #define SIZEOF_DOUBLE 8
| #define SIZEOF_VOID_P 4
| #define SIZEOF_LONG 4
| #define SIZEOF___FP16 2
| #define SIZEOF_DOUBLE 8
| #define SIZEOF_VOID_P 4
| #define ALIGNOF_FLOAT16 64
| #define ALIGNOF_DOUBLE16 128
| #define MAX_EXTENDED_ALIGNMENT ALIGNOF_DOUBLE16
| #define HAVE_WORKING_HALF 0
| #define _CL_DISABLE_HALF /**/
| #define HOST_DEVICE_EXTENSIONS "cl_khr_byte_addressable_store cl_khr_global_int32_base_atomics cl_khr_global_int32_extended_atomics cl_khr_local_int32_base_atomics cl_khr_local_int32_extended_atomics cl_khr_spir cl_khr_int64 cl_khr_fp64 cl_khr_int64_base_atomics cl_khr_int64_extended_atomics"
| #define HOST_DEVICE_CL_VERSION_MAJOR 2
| #define HOST_DEVICE_CL_VERSION_MINOR 0
| #define POCL_CL_VERSION "2.0"
| /* end confdefs.h.  */
| #ifndef __APPLE_CC__
| 	       not a universal capable compiler
| 	     #endif
| 	     typedef int dummy;
| 
configure:20928: gcc -c -I/root/enpower/pocl/libtool/libtool-2.4.6/install/include  conftest.c >&5
configure:20928: $? = 0
configure:20946: gcc -c -I/root/enpower/pocl/libtool/libtool-2.4.6/install/include  conftest.c >&5
conftest.c: In function 'main':
conftest.c:84:4: error: unknown type name 'not'
    not big endian
    ^
conftest.c:84:12: error: expected '=', ',', ';', 'asm' or '__attribute__' before 'endian'
    not big endian
            ^
configure:20946: $? = 1
configure: failed program was:
| /* confdefs.h */
| #define PACKAGE_NAME "pocl"
| #define PACKAGE_TARNAME "pocl"
| #define PACKAGE_VERSION "0.14-pre"
| #define PACKAGE_STRING "pocl 0.14-pre"
| #define PACKAGE_BUGREPORT "pocl-devel@lists.sourceforge.net"
| #define PACKAGE_URL ""
| #define PACKAGE "pocl"
| #define VERSION "0.14-pre"
| #define STDC_HEADERS 1
| #define HAVE_SYS_TYPES_H 1
| #define HAVE_SYS_STAT_H 1
| #define HAVE_STDLIB_H 1
| #define HAVE_STRING_H 1
| #define HAVE_MEMORY_H 1
| #define HAVE_STRINGS_H 1
| #define HAVE_INTTYPES_H 1
| #define HAVE_STDINT_H 1
| #define HAVE_UNISTD_H 1
| #define HAVE_DLFCN_H 1
| #define LT_OBJDIR ".libs/"
| #define LLVM_VERSION "3.7.1"
| #define LLVM_3_7 /**/
| #define LLVM_BUILT_WITH_ASSERTS /**/
| #define HAVE_PTHREAD 1
| #define HAVE_OCL_ICD 1
| #define BUILD_ICD /**/
| #define HAVE_OPENCL_HPP  
| #define HAVE_CLOCK_GETTIME 1
| #define HAVE_VFORK 1
| #define HAVE_FORK 1
| #define POCL_DEBUG_MESSAGES 1
| #define POCL_KERNEL_CACHE_DEFAULT 1
| #define CLANGXX "/root/enpower/llvm/llvm_37/install/bin/clang++"
| #define CLANGXX_FLAGS "--target=armv7l-unknown-linux-gnueabihf "
| #define CLANG "/root/enpower/llvm/llvm_37/install/bin/clang"
| #define CLFLAGS " -Xclang -cl-std=CL2.0 -D__OPENCL_C_VERSION__=200"
| #define FORCED_CLFLAGS "-Xclang -ffake-address-space-map -fno-math-errno -fblocks -fno-builtin -fasm -Wno-format"
| #define LLVM_LLC "/root/enpower/llvm/llvm_37/install/bin/llc"
| #define KERNEL_DIR "host"
| #define TARGET "armv7l-unknown-linux-gnueabihf"
| #define TARGET_CLANG_FLAGS ""
| #define TARGET_LLC_FLAGS ""
| #define HOST "armv7l-unknown-linux-gnueabihf"
| #define HOST_CPU "armv7l"
| #define OCL_KERNEL_TARGET "armv7-unknown-linux-gnueabihf"
| #define OCL_KERNEL_TARGET_CPU "(unknown)"
| #define OCL_KERNEL_ARCH ""
| #define HOST_CLANG_FLAGS " -mfloat-abi=hard --target=armv7-unknown-linux-gnueabihf"
| #define HOST_LLC_FLAGS "-relocation-model=pic -float-abi=hard -mtriple=armv7-unknown-linux-gnueabihf"
| #define HOST_AS_FLAGS " -mfloat-abi=hard"
| #define HOST_LD_FLAGS "-shared"
| #define POCL_DEVICE_ADDRESS_BITS 32
| #define USE_VECMATHLIB /**/
| #define HSA_DEVICE_EXTENSIONS ""
| #define BUILDDIR "/root/enpower/pocl/pocl-git-icd/build"
| #define SRCDIR "/root/enpower/pocl/pocl-git-icd"
| #define HAVE_POSIX_MEMALIGN /**/
| #define SIZEOF_LONG 4
| #define SIZEOF___FP16 2
| #define SIZEOF_DOUBLE 8
| #define SIZEOF_VOID_P 4
| #define SIZEOF_LONG 4
| #define SIZEOF___FP16 2
| #define SIZEOF_DOUBLE 8
| #define SIZEOF_VOID_P 4
| #define ALIGNOF_FLOAT16 64
| #define ALIGNOF_DOUBLE16 128
| #define MAX_EXTENDED_ALIGNMENT ALIGNOF_DOUBLE16
| #define HAVE_WORKING_HALF 0
| #define _CL_DISABLE_HALF /**/
| #define HOST_DEVICE_EXTENSIONS "cl_khr_byte_addressable_store cl_khr_global_int32_base_atomics cl_khr_global_int32_extended_atomics cl_khr_local_int32_base_atomics cl_khr_local_int32_extended_atomics cl_khr_spir cl_khr_int64 cl_khr_fp64 cl_khr_int64_base_atomics cl_khr_int64_extended_atomics"
| #define HOST_DEVICE_CL_VERSION_MAJOR 2
| #define HOST_DEVICE_CL_VERSION_MINOR 0
| #define POCL_CL_VERSION "2.0"
| /* end confdefs.h.  */
| #include <sys/types.h>
| 		#include <sys/param.h>
| 
| int
| main ()
| {
| #if BYTE_ORDER != BIG_ENDIAN
| 		 not big endian
| 		#endif
| 
|   ;
|   return 0;
| }
configure:21074: result: no
configure:21262: checking that generated files are newer than configure
configure:21268: result: done
configure:21428: creating ./config.status

## ---------------------- ##
## Running config.status. ##
## ---------------------- ##

This file was extended by pocl config.status 0.14-pre, which was
generated by GNU Autoconf 2.69.  Invocation command line was

  CONFIG_FILES    = 
  CONFIG_HEADERS  = 
  CONFIG_LINKS    = 
  CONFIG_COMMANDS = 
  $ ./config.status 

on odroid

config.status:1405: creating Makefile
config.status:1405: creating pocl.pc
config.status:1405: creating tests/atlocal
config.status:1405: creating ocl-vendors/pocl-tests.icd
config.status:1405: creating include/Makefile
config.status:1405: creating include/CL/Makefile
config.status:1405: creating include/OpenCL/Makefile
config.status:1405: creating lib/Makefile
config.status:1405: creating lib/CL/Makefile
config.status:1405: creating lib/CL/devices/Makefile
config.status:1405: creating lib/CL/devices/pthread/Makefile
config.status:1405: creating lib/CL/devices/basic/Makefile
config.status:1405: creating lib/CL/devices/tce/Makefile
config.status:1405: creating lib/CL/devices/tce/ttasim/Makefile
config.status:1405: creating lib/CL/devices/topology/Makefile
config.status:1405: creating lib/CL/devices/hsa/Makefile
config.status:1405: creating lib/llvmopencl/Makefile
config.status:1405: creating lib/kernel/Makefile
config.status:1405: creating lib/kernel/host/Makefile
config.status:1405: creating lib/kernel/tce/Makefile
config.status:1405: creating lib/kernel/hsail64/Makefile
config.status:1405: creating lib/poclu/Makefile
config.status:1405: creating examples/Makefile
config.status:1405: creating examples/example1/Makefile
config.status:1405: creating examples/example1-spir64/Makefile
config.status:1405: creating examples/example1-spir32/Makefile
config.status:1405: creating examples/example2/Makefile
config.status:1405: creating examples/example2a/Makefile
config.status:1405: creating examples/poclcc/Makefile
config.status:1405: creating examples/trig/Makefile
config.status:1405: creating examples/scalarwave/Makefile
config.status:1405: creating examples/opencl-book-samples/Makefile
config.status:1405: creating examples/Rodinia/Makefile
config.status:1405: creating examples/Parboil/Makefile
config.status:1405: creating examples/ViennaCL/Makefile
config.status:1405: creating examples/IntelSVM/Makefile
config.status:1405: creating examples/AMD/Makefile
config.status:1405: creating examples/AMDSDK2.9/Makefile
config.status:1405: creating examples/AMDSDK3.0/Makefile
config.status:1405: creating examples/EinsteinToolkit/Makefile
config.status:1405: creating examples/VexCL/Makefile
config.status:1405: creating examples/piglit/Makefile
config.status:1405: creating examples/Halide/Makefile
config.status:1405: creating examples/OpenCV/Makefile
config.status:1405: creating examples/CloverLeaf/Makefile
config.status:1405: creating bin/Makefile
config.status:1405: creating tests/Makefile
config.status:1405: creating tests/kernel/Makefile
config.status:1405: creating tests/regression/Makefile
config.status:1405: creating tests/workgroup/Makefile
config.status:1405: creating tests/runtime/Makefile
config.status:1405: creating tests/tce/Makefile
config.status:1405: creating tests/tce/ttasim/Makefile
config.status:1405: creating tests/tce/tcemc/Makefile
config.status:1405: creating tests/tce/fp16/Makefile
config.status:1405: creating config.h
config.status:1619: executing tests/atconfig commands
config.status:1619: executing depfiles commands
config.status:1619: executing libtool commands

## ---------------- ##
## Cache variables. ##
## ---------------- ##

ac_cv_alignof_double16=128
ac_cv_alignof_float16=64
ac_cv_build=armv7l-unknown-linux-gnueabihf
ac_cv_c_bigendian=no
ac_cv_c_compiler_gnu=yes
ac_cv_cxx_compiler_gnu=yes
ac_cv_env_CCC_set=
ac_cv_env_CCC_value=
ac_cv_env_CC_set=
ac_cv_env_CC_value=
ac_cv_env_CFLAGS_set=set
ac_cv_env_CFLAGS_value=-I/root/enpower/pocl/libtool/libtool-2.4.6/install/include
ac_cv_env_CLANGXX_FLAGS_set=
ac_cv_env_CLANGXX_FLAGS_value=
ac_cv_env_CLANGXX_set=
ac_cv_env_CLANGXX_value=
ac_cv_env_CLANG_set=
ac_cv_env_CLANG_value=
ac_cv_env_CLFLAGS_set=
ac_cv_env_CLFLAGS_value=
ac_cv_env_CPPFLAGS_set=
ac_cv_env_CPPFLAGS_value=
ac_cv_env_CPP_set=
ac_cv_env_CPP_value=
ac_cv_env_CXXCPP_set=
ac_cv_env_CXXCPP_value=
ac_cv_env_CXXFLAGS_set=
ac_cv_env_CXXFLAGS_value=
ac_cv_env_CXX_set=
ac_cv_env_CXX_value=
ac_cv_env_GLEW_CFLAGS_set=
ac_cv_env_GLEW_CFLAGS_value=
ac_cv_env_GLEW_LIBS_set=
ac_cv_env_GLEW_LIBS_value=
ac_cv_env_HOST_AS_FLAGS_set=
ac_cv_env_HOST_AS_FLAGS_value=
ac_cv_env_HOST_CLANG_FLAGS_set=
ac_cv_env_HOST_CLANG_FLAGS_value=
ac_cv_env_HOST_LLC_FLAGS_set=
ac_cv_env_HOST_LLC_FLAGS_value=
ac_cv_env_HSAILASM_set=
ac_cv_env_HSAILASM_value=
ac_cv_env_HWLOC_CFLAGS_set=set
ac_cv_env_HWLOC_CFLAGS_value=-I/root/enpower/pocl/hwloc/hwloc-1.11.2/install/include
ac_cv_env_HWLOC_LIBS_set=set
ac_cv_env_HWLOC_LIBS_value=-L/root/enpower/pocl/hwloc/hwloc-1.11.2/install/lib
ac_cv_env_LDFLAGS_set=set
ac_cv_env_LDFLAGS_value=-L/root/enpower/pocl/libtool/libtool-2.4.6/install/lib
ac_cv_env_LIBS_set=
ac_cv_env_LIBS_value=
ac_cv_env_LLC_set=
ac_cv_env_LLC_value=
ac_cv_env_LLVM_AS_set=
ac_cv_env_LLVM_AS_value=
ac_cv_env_LLVM_CONFIG_set=
ac_cv_env_LLVM_CONFIG_value=
ac_cv_env_LLVM_LINK_set=
ac_cv_env_LLVM_LINK_value=
ac_cv_env_LLVM_OPT_set=
ac_cv_env_LLVM_OPT_value=
ac_cv_env_LTTNG_UST_CFLAGS_set=
ac_cv_env_LTTNG_UST_CFLAGS_value=
ac_cv_env_LTTNG_UST_LIBS_set=
ac_cv_env_LTTNG_UST_LIBS_value=
ac_cv_env_OCL_ICD_CFLAGS_set=set
ac_cv_env_OCL_ICD_CFLAGS_value=-I/root/enpower/pocl/ocl-icd/ocl-icd-2.2.9/install/include/
ac_cv_env_OCL_ICD_LIBS_set=set
ac_cv_env_OCL_ICD_LIBS_value=-L/root/enpower/pocl/ocl-icd/ocl-icd-2.2.9/install/include
ac_cv_env_OPENCL_CFLAGS_set=
ac_cv_env_OPENCL_CFLAGS_value=
ac_cv_env_OPENCL_LIBS_set=
ac_cv_env_OPENCL_LIBS_value=
ac_cv_env_OPT_set=
ac_cv_env_OPT_value=
ac_cv_env_PKG_CONFIG_LIBDIR_set=
ac_cv_env_PKG_CONFIG_LIBDIR_value=
ac_cv_env_PKG_CONFIG_PATH_set=
ac_cv_env_PKG_CONFIG_PATH_value=
ac_cv_env_PKG_CONFIG_set=
ac_cv_env_PKG_CONFIG_value=
ac_cv_env_SDL_CFLAGS_set=
ac_cv_env_SDL_CFLAGS_value=
ac_cv_env_SDL_LIBS_set=
ac_cv_env_SDL_LIBS_value=
ac_cv_env_TARGET_CLANG_FLAGS_set=
ac_cv_env_TARGET_CLANG_FLAGS_value=
ac_cv_env_build_alias_set=
ac_cv_env_build_alias_value=
ac_cv_env_host_alias_set=
ac_cv_env_host_alias_value=
ac_cv_env_target_alias_set=
ac_cv_env_target_alias_value=
ac_cv_func_fork=yes
ac_cv_func_vfork=yes
ac_cv_header_CL_opencl_h=yes
ac_cv_header_dlfcn_h=yes
ac_cv_header_inttypes_h=yes
ac_cv_header_memory_h=yes
ac_cv_header_stdc=yes
ac_cv_header_stdint_h=yes
ac_cv_header_stdlib_h=yes
ac_cv_header_string_h=yes
ac_cv_header_strings_h=yes
ac_cv_header_sys_stat_h=yes
ac_cv_header_sys_types_h=yes
ac_cv_header_unistd_h=yes
ac_cv_host=armv7l-unknown-linux-gnueabihf
ac_cv_objext=o
ac_cv_path_CLANG=/root/enpower/llvm/llvm_37/install/bin/clang
ac_cv_path_CLANGXX=/root/enpower/llvm/llvm_37/install/bin/clang++
ac_cv_path_EGREP='/bin/grep -E'
ac_cv_path_FGREP='/bin/grep -F'
ac_cv_path_GREP=/bin/grep
ac_cv_path_LLC=/root/enpower/llvm/llvm_37/install/bin/llc
ac_cv_path_LLVM_AS=/root/enpower/llvm/llvm_37/install/bin/llvm-as
ac_cv_path_LLVM_CONFIG=/root/enpower/llvm/llvm_37/install/bin/llvm-config
ac_cv_path_LLVM_LINK=/root/enpower/llvm/llvm_37/install/bin/llvm-link
ac_cv_path_LLVM_OPT=/root/enpower/llvm/llvm_37/install/bin/opt
ac_cv_path_OPT=/root/enpower/llvm/llvm_37/install/bin/opt
ac_cv_path_SED=/bin/sed
ac_cv_path_ac_pt_PKG_CONFIG=/usr/bin/pkg-config
ac_cv_path_install='/usr/bin/install -c'
ac_cv_path_mkdir=/bin/mkdir
ac_cv_prog_AWK=gawk
ac_cv_prog_CPP='gcc -E'
ac_cv_prog_CXXCPP='g++ -E'
ac_cv_prog_ac_ct_AR=ar
ac_cv_prog_ac_ct_CC=gcc
ac_cv_prog_ac_ct_CXX=g++
ac_cv_prog_ac_ct_MANIFEST_TOOL=mt
ac_cv_prog_ac_ct_OBJDUMP=objdump
ac_cv_prog_ac_ct_RANLIB=ranlib
ac_cv_prog_ac_ct_STRIP=strip
ac_cv_prog_cc_c89=
ac_cv_prog_cc_g=yes
ac_cv_prog_cxx_g=yes
ac_cv_prog_make_make_set=yes
ac_cv_search_hsa_executable_get_symbol=no
ac_cv_search_lt_dlsym=-lltdl
ac_cv_sizeof___fp16=2
ac_cv_sizeof_double=8
ac_cv_sizeof_long=4
ac_cv_sizeof_void_p=4
ac_cv_target=armv7l-unknown-linux-gnueabihf
am_cv_CC_dependencies_compiler_type=gcc3
am_cv_CXX_dependencies_compiler_type=gcc3
am_cv_ar_interface=ar
am_cv_make_support_nested_variables=yes
am_cv_prog_cc_c_o=yes
lt_cv_ar_at_file=@
lt_cv_archive_cmds_need_lc=no
lt_cv_deplibs_check_method=pass_all
lt_cv_file_magic_cmd='$MAGIC_CMD'
lt_cv_file_magic_test_file=
lt_cv_ld_reload_flag=-r
lt_cv_nm_interface='BSD nm'
lt_cv_objdir=.libs
lt_cv_path_LD=/usr/bin/ld
lt_cv_path_LDCXX=/usr/bin/ld
lt_cv_path_NM='/usr/bin/nm -B'
lt_cv_path_mainfest_tool=no
lt_cv_prog_compiler_c_o=yes
lt_cv_prog_compiler_c_o_CXX=yes
lt_cv_prog_compiler_pic='-fPIC -DPIC'
lt_cv_prog_compiler_pic_CXX='-fPIC -DPIC'
lt_cv_prog_compiler_pic_works=yes
lt_cv_prog_compiler_pic_works_CXX=yes
lt_cv_prog_compiler_rtti_exceptions=no
lt_cv_prog_compiler_static_works=yes
lt_cv_prog_compiler_static_works_CXX=yes
lt_cv_prog_gnu_ld=yes
lt_cv_prog_gnu_ldcxx=yes
lt_cv_sharedlib_from_linklib_cmd='printf %s\n'
lt_cv_shlibpath_overrides_runpath=no
lt_cv_sys_global_symbol_pipe='sed -n -e '\''s/^.*[	 ]\([ABCDGIRSTW][ABCDGIRSTW]*\)[	 ][	 ]*\([_A-Za-z][_A-Za-z0-9]*\)$/\1 \2 \2/p'\'' | sed '\''/ __gnu_lto/d'\'''
lt_cv_sys_global_symbol_to_c_name_address='sed -n -e '\''s/^: \([^ ]*\)[ ]*$/  {\"\1\", (void *) 0},/p'\'' -e '\''s/^[ABCDGIRSTW]* \([^ ]*\) \([^ ]*\)$/  {"\2", (void *) \&\2},/p'\'''
lt_cv_sys_global_symbol_to_c_name_address_lib_prefix='sed -n -e '\''s/^: \([^ ]*\)[ ]*$/  {\"\1\", (void *) 0},/p'\'' -e '\''s/^[ABCDGIRSTW]* \([^ ]*\) \(lib[^ ]*\)$/  {"\2", (void *) \&\2},/p'\'' -e '\''s/^[ABCDGIRSTW]* \([^ ]*\) \([^ ]*\)$/  {"lib\2", (void *) \&\2},/p'\'''
lt_cv_sys_global_symbol_to_cdecl='sed -n -e '\''s/^T .* \(.*\)$/extern int \1();/p'\'' -e '\''s/^[ABCDGIRSTW]* .* \(.*\)$/extern char \1;/p'\'''
lt_cv_sys_max_cmd_len=1572864
lt_cv_to_host_file_cmd=func_convert_file_noop
lt_cv_to_tool_file_cmd=func_convert_file_noop
pkg_cv_HWLOC_CFLAGS=-I/root/enpower/pocl/hwloc/hwloc-1.11.2/install/include
pkg_cv_HWLOC_LIBS=-L/root/enpower/pocl/hwloc/hwloc-1.11.2/install/lib
pkg_cv_OCL_ICD_CFLAGS=-I/root/enpower/pocl/ocl-icd/ocl-icd-2.2.9/install/include/
pkg_cv_OCL_ICD_LIBS=-L/root/enpower/pocl/ocl-icd/ocl-icd-2.2.9/install/include

## ----------------- ##
## Output variables. ##
## ----------------- ##

ACLOCAL='${SHELL} /root/enpower/pocl/pocl-git-icd/config/missing aclocal-1.15'
AMDEPBACKSLASH='\'
AMDEP_FALSE='#'
AMDEP_TRUE=''
AMTAR='$${TAR-tar}'
AM_BACKSLASH='\'
AM_DEFAULT_V='$(AM_DEFAULT_VERBOSITY)'
AM_DEFAULT_VERBOSITY='1'
AM_V='$(V)'
AR='ar'
AUTOCONF='${SHELL} /root/enpower/pocl/pocl-git-icd/config/missing autoconf'
AUTOHEADER='${SHELL} /root/enpower/pocl/pocl-git-icd/config/missing autoheader'
AUTOMAKE='${SHELL} /root/enpower/pocl/pocl-git-icd/config/missing automake-1.15'
AWK='gawk'
BOOST_CPPFLAGS=''
BOOST_LDFLAGS=''
BUILD_AMDGCN_FALSE=''
BUILD_AMDGCN_TRUE='#'
BUILD_HSA_FALSE=''
BUILD_HSA_TRUE='#'
BUILD_ICD_FALSE='#'
BUILD_ICD_TRUE=''
BUILD_TIMESTAMP='201603301351816201346'
CC='gcc'
CCDEPMODE='depmode=gcc3'
CFLAGS='-I/root/enpower/pocl/libtool/libtool-2.4.6/install/include'
CLANG='/root/enpower/llvm/llvm_37/install/bin/clang'
CLANGXX='/root/enpower/llvm/llvm_37/install/bin/clang++'
CLANGXX_AVAILABLE_FALSE='#'
CLANGXX_AVAILABLE_TRUE=''
CLANGXX_FLAGS='--target=armv7l-unknown-linux-gnueabihf  -DVML_NO_IOSTREAM'
CLFLAGS=' -Xclang -cl-std=CL2.0 -D__OPENCL_C_VERSION__=200'
CPP='gcc -E'
CPPFLAGS=''
CXX='g++'
CXXCPP='g++ -E'
CXXDEPMODE='depmode=gcc3'
CXXFLAGS='-g -O2'
CYGPATH_W='echo'
DARWIN_HOST_OS_FALSE=''
DARWIN_HOST_OS_TRUE='#'
DEFS='-DHAVE_CONFIG_H'
DEPDIR='.deps'
DLLTOOL='false'
DSYMUTIL=''
DUMPBIN=''
ECHO_C=''
ECHO_N='-n'
ECHO_T=''
EGREP='/bin/grep -E'
EXEEXT=''
EXPORT_OPENCL_SYMBOLS_FALSE=''
EXPORT_OPENCL_SYMBOLS_TRUE='#'
FGREP='/bin/grep -F'
FORCED_CLFLAGS='-Xclang -ffake-address-space-map -fno-math-errno -fblocks -fno-builtin -fasm -Wno-format'
FREEBSD_HOST_OS_FALSE=''
FREEBSD_HOST_OS_TRUE='#'
GLEW_CFLAGS=''
GLEW_LIBS=''
GREP='/bin/grep'
HAVE_CLOCK_GETTIME_FALSE='#'
HAVE_CLOCK_GETTIME_TRUE=''
HAVE_OPENCL_HPP_FALSE='#'
HAVE_OPENCL_HPP_TRUE=''
HOST='armv7l-unknown-linux-gnueabihf'
HOST_AS_FLAGS=' -mfloat-abi=hard'
HOST_CLANG_FLAGS=' -mfloat-abi=hard --target=armv7-unknown-linux-gnueabihf -D_CL_DISABLE_HALF'
HOST_CPU='armv7l'
HOST_CPU_IS_X86_64_FALSE=''
HOST_CPU_IS_X86_64_TRUE='#'
HOST_DEVICE_EXTENSION_DEFINES='-Dcl_khr_byte_addressable_store -Dcl_khr_global_int32_base_atomics -Dcl_khr_global_int32_extended_atomics -Dcl_khr_local_int32_base_atomics -Dcl_khr_local_int32_extended_atomics -Dcl_khr_spir -Dcl_khr_int64 -Dcl_khr_fp64 -Dcl_khr_int64_base_atomics -Dcl_khr_int64_extended_atomics'
HOST_LD_FLAGS='-shared'
HOST_LLC_FLAGS='-relocation-model=pic -float-abi=hard -mtriple=armv7-unknown-linux-gnueabihf'
HOST_SIZEOF_DOUBLE='8'
HOST_SIZEOF_HALF='2'
HOST_SIZEOF_LONG='4'
HOST_SIZEOF_VOID_P='4'
HSAILASM=''
HSA_DEVICE_EXTENSION_DEFINES=''
HSA_INCLUDES='-I/opt/hsa/include'
HSA_LIBS=''
HWLOC_CFLAGS='-I/root/enpower/pocl/hwloc/hwloc-1.11.2/install/include'
HWLOC_LIBS='-L/root/enpower/pocl/hwloc/hwloc-1.11.2/install/lib'
ICD_LD_FLAGS=''
INSTALL_DATA='${INSTALL} -m 644'
INSTALL_OPENCL_HEADERS_FALSE=''
INSTALL_OPENCL_HEADERS_TRUE='#'
INSTALL_PROGRAM='${INSTALL}'
INSTALL_SCRIPT='${INSTALL}'
INSTALL_STRIP_PROGRAM='$(install_sh) -c -s'
KERNEL_COMPILER_LIB_VERSION='8:0:0'
LD='/usr/bin/ld'
LDFLAGS='-L/root/enpower/pocl/libtool/libtool-2.4.6/install/lib'
LD_FLAGS_BIN=' '
LIBOBJS=''
LIBRARY_SUFFIX='.so'
LIBS=''
LIBTOOL='$(SHELL) $(top_builddir)/libtool'
LIB_AGE_VERSION='7'
LIB_CURRENT_VERSION='8'
LIB_FIRST_VERSION='1'
LIB_REVISION_VERSION='0'
LIB_VERSION='8:0:7'
LIPO=''
LLC='/root/enpower/llvm/llvm_37/install/bin/llc'
LLVM_AS='/root/enpower/llvm/llvm_37/install/bin/llvm-as'
LLVM_CONFIG='/root/enpower/llvm/llvm_37/install/bin/llvm-config'
LLVM_CXX_FLAGS='-I/root/enpower/llvm/llvm_37/install/include  -D_DEBUG -D_GNU_SOURCE -D__STDC_CONSTANT_MACROS -D__STDC_FORMAT_MACROS -D__STDC_LIMIT_MACROS -O3 -fomit-frame-pointer -std=c++11 -fvisibility-inlines-hidden -fno-exceptions -fPIC -ffunction-sections -fdata-sections -Wcast-qual'
LLVM_LDFLAGS='-L/root/enpower/llvm/llvm_37/install/lib  -lz -lpthread -ltinfo -ldl -lm '
LLVM_LIBS='-lLLVM-3.7.1'
LLVM_LINK='/root/enpower/llvm/llvm_37/install/bin/llvm-link'
LLVM_OPT='/root/enpower/llvm/llvm_37/install/bin/opt'
LLVM_VERSION='3.7.1'
LN_S='ln -s'
LTDL_LIBS='-lltdl '
LTLIBOBJS=''
LTTNG_UST_AVAILABLE_FALSE=''
LTTNG_UST_AVAILABLE_TRUE='#'
LTTNG_UST_CFLAGS=''
LTTNG_UST_LIBS=''
MAKEINFO='${SHELL} /root/enpower/pocl/pocl-git-icd/config/missing makeinfo'
MANIFEST_TOOL=':'
MKDIR_P='/bin/mkdir -p'
NM='/usr/bin/nm -B'
NMEDIT=''
OBJDUMP='objdump'
OBJEXT='o'
OCL_ICD_CFLAGS='-I/root/enpower/pocl/ocl-icd/ocl-icd-2.2.9/install/include/'
OCL_ICD_LIBS='-L/root/enpower/pocl/ocl-icd/ocl-icd-2.2.9/install/include'
OCL_KERNEL_ARCH=''
OCL_KERNEL_TARGET='armv7-unknown-linux-gnueabihf'
OCL_KERNEL_TARGET_CPU='(unknown)'
OCL_TARGETS='host'
OPENCL_CFLAGS=''
OPENCL_CMAKE=''
OPENCL_EXTLIBS='-lOpenCL'
OPENCL_LIBS='-lOpenCL'
OPT='/root/enpower/llvm/llvm_37/install/bin/opt'
OTOOL64=''
OTOOL=''
PACKAGE='pocl'
PACKAGE_BUGREPORT='pocl-devel@lists.sourceforge.net'
PACKAGE_NAME='pocl'
PACKAGE_STRING='pocl 0.14-pre'
PACKAGE_TARNAME='pocl'
PACKAGE_URL=''
PACKAGE_VERSION='0.14-pre'
PATH_SEPARATOR=':'
PKG_CONFIG='/usr/bin/pkg-config'
PKG_CONFIG_LIBDIR=''
PKG_CONFIG_PATH=''
POAT_TESTSUITES=''
POCL_ANDROID_FALSE=''
POCL_ANDROID_TRUE='#'
POCL_DEVICE_ADDRESS_BITS='32'
PTHREAD_CC='gcc'
PTHREAD_CFLAGS='-pthread'
PTHREAD_LIBS=''
RANLIB='ranlib'
SDL_CFLAGS=''
SDL_LIBS=''
SED='/bin/sed'
SET_MAKE=''
SHELL='/bin/bash'
STRIP='strip'
TARGET='armv7l-unknown-linux-gnueabihf'
TARGET_CLANG_FLAGS=''
TARGET_CPU='armv7l'
TARGET_LLC_FLAGS=''
TARGET_SIZEOF_DOUBLE='8'
TARGET_SIZEOF_HALF='2'
TARGET_SIZEOF_LONG='4'
TARGET_SIZEOF_VOID_P='4'
TCECC=''
TCEMC_AVAILABLE=''
TCEMC_AVAILABLE_FALSE=''
TCEMC_AVAILABLE_TRUE='#'
TCE_AVAILABLE=''
TCE_AVAILABLE_FALSE=''
TCE_AVAILABLE_TRUE='#'
TCE_CONFIG=''
TCE_DEVICE_EXTENSION_DEFINES=''
TEST_SUITE_AMDSDK2_9_FALSE=''
TEST_SUITE_AMDSDK2_9_TRUE='#'
TEST_SUITE_AMDSDK3_0_FALSE=''
TEST_SUITE_AMDSDK3_0_TRUE='#'
TEST_SUITE_AMD_FALSE=''
TEST_SUITE_AMD_TRUE='#'
TEST_SUITE_CLOVERLEAF_FALSE=''
TEST_SUITE_CLOVERLEAF_TRUE='#'
TEST_SUITE_HALIDE_FALSE=''
TEST_SUITE_HALIDE_TRUE='#'
TEST_SUITE_HSA_FALSE=''
TEST_SUITE_HSA_TRUE='#'
TEST_SUITE_INTELSVM_FALSE=''
TEST_SUITE_INTELSVM_TRUE='#'
TEST_SUITE_OPENCV_FALSE=''
TEST_SUITE_OPENCV_TRUE='#'
TEST_SUITE_PARBOIL_FALSE=''
TEST_SUITE_PARBOIL_TRUE='#'
TEST_SUITE_PIGLIT_FALSE=''
TEST_SUITE_PIGLIT_TRUE='#'
TEST_SUITE_RODINIA_FALSE=''
TEST_SUITE_RODINIA_TRUE='#'
TEST_SUITE_SAMPLES_FALSE=''
TEST_SUITE_SAMPLES_TRUE='#'
TEST_SUITE_VEXCL_FALSE=''
TEST_SUITE_VEXCL_TRUE='#'
TEST_SUITE_VIENNACL_FALSE=''
TEST_SUITE_VIENNACL_TRUE='#'
USE_VECMATHLIB_FALSE='#'
USE_VECMATHLIB_TRUE=''
VERSION='0.14-pre'
ac_ct_AR='ar'
ac_ct_CC='gcc'
ac_ct_CXX='g++'
ac_ct_DUMPBIN=''
acx_pthread_config=''
am__EXEEXT_FALSE=''
am__EXEEXT_TRUE='#'
am__fastdepCC_FALSE='#'
am__fastdepCC_TRUE=''
am__fastdepCXX_FALSE='#'
am__fastdepCXX_TRUE=''
am__include='include'
am__isrc=' -I$(srcdir)'
am__leading_dot='.'
am__nodep='_no'
am__quote=''
am__tar='$${TAR-tar} chof - "$$tardir"'
am__untar='$${TAR-tar} xf -'
bindir='${exec_prefix}/bin'
build='armv7l-unknown-linux-gnueabihf'
build_alias=''
build_cpu='armv7l'
build_os='linux-gnueabihf'
build_vendor='unknown'
datadir='${datarootdir}'
datarootdir='${prefix}/share'
docdir='${datarootdir}/doc/${PACKAGE_TARNAME}'
dvidir='${docdir}'
exec_prefix='${prefix}'
host='armv7l-unknown-linux-gnueabihf'
host_alias=''
host_cpu='armv7l'
host_os='linux-gnueabihf'
host_vendor='unknown'
htmldir='${docdir}'
includedir='${prefix}/include'
infodir='${datarootdir}/info'
install_sh='${SHELL} /root/enpower/pocl/pocl-git-icd/config/install-sh'
libdir='${exec_prefix}/lib'
libexecdir='${exec_prefix}/libexec'
localedir='${datarootdir}/locale'
localstatedir='${prefix}/var'
mandir='${datarootdir}/man'
mkdir_p='$(MKDIR_P)'
oldincludedir='/usr/include'
pdfdir='${docdir}'
prefix='/root/enpower/pocl/pocl-git-icd/install'
program_transform_name='s,x,x,'
psdir='${docdir}'
sbindir='${exec_prefix}/sbin'
sharedstatedir='${prefix}/com'
sysconfdir='${prefix}/etc'
target='armv7l-unknown-linux-gnueabihf'
target_alias=''
target_cpu='armv7l'
target_os='linux-gnueabihf'
target_vendor='unknown'

## ----------- ##
## confdefs.h. ##
## ----------- ##

/* confdefs.h */
#define PACKAGE_NAME "pocl"
#define PACKAGE_TARNAME "pocl"
#define PACKAGE_VERSION "0.14-pre"
#define PACKAGE_STRING "pocl 0.14-pre"
#define PACKAGE_BUGREPORT "pocl-devel@lists.sourceforge.net"
#define PACKAGE_URL ""
#define PACKAGE "pocl"
#define VERSION "0.14-pre"
#define STDC_HEADERS 1
#define HAVE_SYS_TYPES_H 1
#define HAVE_SYS_STAT_H 1
#define HAVE_STDLIB_H 1
#define HAVE_STRING_H 1
#define HAVE_MEMORY_H 1
#define HAVE_STRINGS_H 1
#define HAVE_INTTYPES_H 1
#define HAVE_STDINT_H 1
#define HAVE_UNISTD_H 1
#define HAVE_DLFCN_H 1
#define LT_OBJDIR ".libs/"
#define LLVM_VERSION "3.7.1"
#define LLVM_3_7 /**/
#define LLVM_BUILT_WITH_ASSERTS /**/
#define HAVE_PTHREAD 1
#define HAVE_OCL_ICD 1
#define BUILD_ICD /**/
#define HAVE_OPENCL_HPP  
#define HAVE_CLOCK_GETTIME 1
#define HAVE_VFORK 1
#define HAVE_FORK 1
#define POCL_DEBUG_MESSAGES 1
#define POCL_KERNEL_CACHE_DEFAULT 1
#define CLANGXX "/root/enpower/llvm/llvm_37/install/bin/clang++"
#define CLANGXX_FLAGS "--target=armv7l-unknown-linux-gnueabihf "
#define CLANG "/root/enpower/llvm/llvm_37/install/bin/clang"
#define CLFLAGS " -Xclang -cl-std=CL2.0 -D__OPENCL_C_VERSION__=200"
#define FORCED_CLFLAGS "-Xclang -ffake-address-space-map -fno-math-errno -fblocks -fno-builtin -fasm -Wno-format"
#define LLVM_LLC "/root/enpower/llvm/llvm_37/install/bin/llc"
#define KERNEL_DIR "host"
#define TARGET "armv7l-unknown-linux-gnueabihf"
#define TARGET_CLANG_FLAGS ""
#define TARGET_LLC_FLAGS ""
#define HOST "armv7l-unknown-linux-gnueabihf"
#define HOST_CPU "armv7l"
#define OCL_KERNEL_TARGET "armv7-unknown-linux-gnueabihf"
#define OCL_KERNEL_TARGET_CPU "(unknown)"
#define OCL_KERNEL_ARCH ""
#define HOST_CLANG_FLAGS " -mfloat-abi=hard --target=armv7-unknown-linux-gnueabihf"
#define HOST_LLC_FLAGS "-relocation-model=pic -float-abi=hard -mtriple=armv7-unknown-linux-gnueabihf"
#define HOST_AS_FLAGS " -mfloat-abi=hard"
#define HOST_LD_FLAGS "-shared"
#define POCL_DEVICE_ADDRESS_BITS 32
#define USE_VECMATHLIB /**/
#define HSA_DEVICE_EXTENSIONS ""
#define BUILDDIR "/root/enpower/pocl/pocl-git-icd/build"
#define SRCDIR "/root/enpower/pocl/pocl-git-icd"
#define HAVE_POSIX_MEMALIGN /**/
#define SIZEOF_LONG 4
#define SIZEOF___FP16 2
#define SIZEOF_DOUBLE 8
#define SIZEOF_VOID_P 4
#define SIZEOF_LONG 4
#define SIZEOF___FP16 2
#define SIZEOF_DOUBLE 8
#define SIZEOF_VOID_P 4
#define ALIGNOF_FLOAT16 64
#define ALIGNOF_DOUBLE16 128
#define MAX_EXTENDED_ALIGNMENT ALIGNOF_DOUBLE16
#define HAVE_WORKING_HALF 0
#define _CL_DISABLE_HALF /**/
#define HOST_DEVICE_EXTENSIONS "cl_khr_byte_addressable_store cl_khr_global_int32_base_atomics cl_khr_global_int32_extended_atomics cl_khr_local_int32_base_atomics cl_khr_local_int32_extended_atomics cl_khr_spir cl_khr_int64 cl_khr_fp64 cl_khr_int64_base_atomics cl_khr_int64_extended_atomics"
#define HOST_DEVICE_CL_VERSION_MAJOR 2
#define HOST_DEVICE_CL_VERSION_MINOR 0
#define POCL_CL_VERSION "2.0"
#define WORDS_BIGENDIAN 0
#define POCL_BUILD_TIMESTAMP "201603301351816201346"

configure: exit 0
